---------------------
[12:45:47]WORLD: starting up...
---------------------
[12:48:35]WORLD: starting up...
[12:48:35]ADMIN: Loading Banlistjob
[12:48:35]ADMIN: Banlistjob is empty.
[12:48:35]ADMIN: Banlistjob missing base dir.
[12:48:35]ADMIN: Loading jobban_rank
[12:48:35]ADMIN: jobban_keylist was empty
[12:48:35]ADMIN: Updating jobbanfile!
[12:48:35]ADMIN: Loading appearance_rank
[12:48:35]ADMIN: appearance_keylist was empty
[12:48:35]ADMIN: Loading Banlist
[12:48:35]ADMIN: Banlist is empty.
[12:48:35]ADMIN: Banlist missing base dir.
[12:54:09]ADMIN: EgorkillerUA has started the game.
[12:54:50]ADMIN: PM: MasterDares/(MasterDares)->MasterDares/(MasterDares): [12:54:57]ADMIN: HELP: MasterDares/(MasterDares): ЯЯЯ - heard by 2 non-AFK admins.
---------------------
[13:00:55]WORLD: starting up...
[13:00:55]ADMIN: Loading Banlistjob
[13:00:55]ADMIN: Loading jobban_rank
[13:00:55]ADMIN: jobban_keylist was empty
[13:00:55]ADMIN: Updating jobbanfile!
[13:00:55]ADMIN: Loading appearance_rank
[13:00:55]ADMIN: appearance_keylist was empty
[13:00:55]ADMIN: Loading Banlist
[13:15:01]ADMIN: EgorkillerUA/(Adolph Hitler) modified Adolph Hitler's b_hair to 0
[13:15:07]ADMIN: EgorkillerUA/(Adolph Hitler) modified Adolph Hitler's g_hair to 0
[13:15:14]ADMIN: EgorkillerUA/(Adolph Hitler) modified Adolph Hitler's r_hair to 0
[13:15:23]ADMIN: Amari Newton/(maxwellstark) opened the closed  firelock at <A HREF='?_src_=holder;adminplayerobservecoodjump=1;X=109;Y=113;Z=1'>Central Primary Hallway - 109,113,1</a>
[13:15:23]ADMIN: Amari Newton/(maxwellstark) closed the open  firelock at <A HREF='?_src_=holder;adminplayerobservecoodjump=1;X=109;Y=113;Z=1'>Central Primary Hallway - 109,113,1</a>
[13:15:45]ADMIN: EgorkillerUA/(Adolph Hitler) has toggled EgorkillerUA's POLYMORPH block on!
[13:16:25]ADMIN: EgorkillerUA/(Adolph Hitler) modified Adolph Hitler's b_facial to 0
[13:16:26]ADMIN: EgorkillerUA/(Adolph Hitler) modified Adolph Hitler's g_facial to 0
[13:16:28]ADMIN: EgorkillerUA/(Adolph Hitler) modified Adolph Hitler's r_facial to 0
[13:17:26]ADMIN: EgorkillerUA/(Adolph Hitler) healed / Rrvived Den19ua/(Caiden Trovato)
[13:19:42]ADMIN: EgorkillerUA/(Adolph Hitler) jumped to Den19ua/(Caiden Trovato)
[13:19:44]ADMIN: EgorkillerUA/(Adolph Hitler) jumped to Den19ua/(Caiden Trovato)
[13:19:45]ADMIN: EgorkillerUA/(Adolph Hitler) jumped to Den19ua/(Caiden Trovato)
[13:19:46]ADMIN: EgorkillerUA/(Adolph Hitler) jumped to Den19ua/(Caiden Trovato)
[13:19:51]ADMIN: EgorkillerUA/(Adolph Hitler) healed / Rrvived Den19ua/(Caiden Trovato)
[13:19:54]ADMIN: MasterDares/(MasterDares) : Прописывать педали хосту нашему?
[13:20:07]ADMIN: PM: EgorkillerUA/(Adolph Hitler)->MasterDares/(MasterDares): Ага
[13:20:27]ADMIN: EgorkillerUA/(Adolph Hitler) edited the admin rank of den19ua to Host
[13:20:43]ADMIN: The reinforced window with pdiff 101.319 fire-axed by Amari Newton (maxwellstark) at the plating!
[13:20:58]ADMIN: MasterDares/(MasterDares) edited the admin rank of den19ua to Host
[13:21:07]ADMIN: MasterDares/(MasterDares) edited the admin rank of masterdares to Candy
[13:22:31]ADMIN: EgorkillerUA/(Adolph Hitler) healed / Rrvived EgorkillerUA/(Adolph Hitler)
[13:23:03]ADMIN: EgorkillerUA/(Adolph Hitler) healed / revived *no key*/(Adolph Hitler)
[13:23:20]ADMIN: EgorkillerUA/(Adolph Hitler) assumed direct control of Adolph Hitler.
[13:24:25]ADMIN: *null* healed / revived egorkillerua/(Adolph Hitler)
[13:24:39]ADMIN: *null* healed / revived egorkillerua/(Adolph Hitler)
[13:24:47]ADMIN: *null* changed the equipment of Maxwell_Stark/(Amari Newton) to strip.
[13:24:55]ADMIN: egorkillerua/(Adolph Hitler) healed / revived egorkillerua/(Adolph Hitler)
---------------------
[13:30:21]WORLD: starting up...
[13:30:21]ADMIN: Loading Banlistjob
[13:30:21]ADMIN: Loading jobban_rank
[13:30:21]ADMIN: jobban_keylist was empty
[13:30:21]ADMIN: Updating jobbanfile!
[13:30:21]ADMIN: Loading appearance_rank
[13:30:21]ADMIN: appearance_keylist was empty
[13:30:21]ADMIN: Loading Banlist
---------------------
[13:32:04]WORLD: starting up...
[13:32:04]ADMIN: Loading Banlistjob
[13:32:04]ADMIN: Loading jobban_rank
[13:32:04]ADMIN: jobban_keylist was empty
[13:32:04]ADMIN: Updating jobbanfile!
[13:32:04]ADMIN: Loading appearance_rank
[13:32:04]ADMIN: appearance_keylist was empty
[13:32:04]ADMIN: Loading Banlist
[13:33:45]ADMIN: PM: MasterDares/(MasterDares)->MasterDares/(MasterDares): ТЫ че, э? &#255;Я&#255;&#255;
[13:33:50]ADMIN: HELP: MasterDares/(MasterDares): &#255;&#255;&#255; - heard by 2 non-AFK admins.
[13:49:33]ADMIN: MasterDares/(Jamari Langston) played sound Эскобар.wav
[13:52:39]ADMIN: Den19ua/(Hail Satan) healed / revived Den19ua/(Hail Satan)
[13:54:40]ADMIN: HELP: Maxwell_Stark/(Maxwell Stark): ПЕДАЛЬНАЯ МАГИЯ ПОМОГИ - heard by 3 non-AFK admins.
[13:54:44]ADMIN: PM: MasterDares/(Jamari Langston)->Maxwell_Stark/(Maxwell Stark): &#255;
[13:54:45]ADMIN: HELP: MasterDares/(Jamari Langston): &#255; - heard by 3 non-AFK admins.
[13:54:50]ADMIN: HELP: Maxwell_Stark/(Maxwell Stark): ОН ПЕРВЫЙ НАЧАЛ - heard by 3 non-AFK admins.
[13:54:51]ADMIN: PM: MasterDares/(Jamari Langston)->Maxwell_Stark/(Maxwell Stark): ti che
[13:54:56]ADMIN: PM: MasterDares/(Jamari Langston)->Maxwell_Stark/(Maxwell Stark):  
[13:55:11]ADMIN: HELP: Maxwell_Stark/(Maxwell Stark): Возроди мен&#255;, педальна&#255; маги&#255; - heard by 3 non-AFK admins.
[13:55:36]ADMIN: PM: Den19ua/(Hail Satan)->Maxwell_Stark/(Maxwell Stark): не, ниху&#255;
[13:55:40]ADMIN: PM: Den19ua/(Hail Satan)->Maxwell_Stark/(Maxwell Stark): скилл
[13:55:40]ADMIN: HELP: Maxwell_Stark/(Maxwell Stark): :c - heard by 3 non-AFK admins.
[13:55:50]ADMIN: HELP: Maxwell_Stark/(Maxwell Stark): Хуескил, &#255; в теб&#255; как минимум раз 7 попал - heard by 3 non-AFK admins.
[13:56:54]ADMIN: HELP: Maxwell_Stark/(Maxwell Stark): педальна&#255; маги&#255; - heard by 3 non-AFK admins.
[13:56:59]ADMIN: PM: Den19ua/(Hail Satan)->Maxwell_Stark/(Maxwell Stark): НОУ
[13:57:06]ADMIN: HELP: Maxwell_Stark/(Maxwell Stark): ТЫ БЛЯДЬ ПАЛИТЬ НАЧАЛ - heard by 3 non-AFK admins.
[13:57:08]ADMIN: HELP: Maxwell_Stark/(Maxwell Stark): ЧОМУ НОУ - heard by 3 non-AFK admins.
[13:58:07]ADMIN: HELP: Maxwell_Stark/(Maxwell Stark): The reinforced window has been hit by Maxwell Stark with Laser AK470.#Hail Satan fires the energy gun!#Your armor softens the blow!#Your chest hurts.#You fire Laser AK470!#You fire Laser AK470!#You fire Laser AK470!#You fire Laser AK470!#You fire Laser AK470!#You fire Laser AK470!#Hail Satan fires the energy gun!#You fire Laser AK470!#You fire Laser AK470!#Hail Satan fires the energy gun!# - heard by 3 non-AFK admins.
[13:58:22]ADMIN: PM: Den19ua/(Hail Satan)->Maxwell_Stark/(Maxwell Stark): Ну хуй знает, честно, не хилилс&#255;
[13:58:29]ADMIN: PM: Den19ua/(Hail Satan)->Maxwell_Stark/(Maxwell Stark): Мохет у АК дамаг меньше
[13:58:31]ADMIN: HELP: Maxwell_Stark/(Maxwell Stark): Лан, бывает - heard by 3 non-AFK admins.
[13:58:43]ADMIN: HELP: Maxwell_Stark/(Maxwell Stark): Скорее-всего. Я потом триторскую лазер-пушку достал - heard by 3 non-AFK admins.
[13:58:48]ADMIN: HELP: Maxwell_Stark/(Maxwell Stark): И все-равно - heard by 3 non-AFK admins.
[13:58:49]ADMIN: HELP: Maxwell_Stark/(Maxwell Stark): Лул - heard by 3 non-AFK admins.
[13:58:52]ADMIN: PM: MasterDares/(Jamari Langston)->Maxwell_Stark/(Maxwell Stark):  
[13:58:54]ADMIN: PM: MasterDares/(Jamari Langston)->Maxwell_Stark/(Maxwell Stark):  
[13:58:55]ADMIN: PM: MasterDares/(Jamari Langston)->Maxwell_Stark/(Maxwell Stark):  
[13:58:56]ADMIN: PM: MasterDares/(Jamari Langston)->Maxwell_Stark/(Maxwell Stark):  
[13:58:58]ADMIN: PM: MasterDares/(Jamari Langston)->Maxwell_Stark/(Maxwell Stark):  
[13:58:59]ADMIN: HELP: Maxwell_Stark/(Maxwell Stark): Я не вижу что пишет МАСТИР ДАРИС - heard by 3 non-AFK admins.
[13:59:08]ADMIN: @MasterDares/(Jamari Langston) jumped to Maxwell_Stark/(Maxwell Stark)
[13:59:48]ADMIN: EgorkillerUA/(Edwin Mildred) used secret spawnadminbus
[14:00:18]ADMIN: EgorkillerUA/(Edwin Mildred) has possessed the Adminbus (/obj/structure/stool/bed/chair/vehicle/adminbus) at (100, 142, 1)
[14:02:42]ADMIN: EgorkillerUA/(Adminbus) healed / Rrvived EgorkillerUA/(Adminbus)
[14:03:00]ADMIN: MasterDares/(Jamari Langston) deleted Maxwell Stark's head at (106,117,1)
[14:03:04]ADMIN: MasterDares/(Jamari Langston) healed / revived Maxwell_Stark/(Maxwell Stark)
[14:03:50]ADMIN: EgorkillerUA/(Edwin Mildred) made all SMESs powered
[14:03:50]ADMIN: EgorkillerUA/(Edwin Mildred) used secret quickpower
[14:04:17]ADMIN: EgorkillerUA/(Edwin Mildred) has remade the powernet. makepowernets() called.
[14:04:21]ADMIN: Den19ua/(Hail Satan) healed / revived Den19ua/(Hail Satan)
[14:04:34]ADMIN: Den19ua/(Hail Satan) healed / revived Den19ua/(Hail Satan)
[14:05:05]ADMIN: Den19ua/(Hail Satan) healed / revived Den19ua/(Hail Satan)
[14:05:23]ADMIN: Den19ua/(Hail Satan) healed / revived Den19ua/(Hail Satan)
[14:06:21]ADMIN: MasterDares/(Jamari Langston) changed the equipment of MasterDares/(Jamari Langston) to Wizard RIG.
[14:06:26]ADMIN: MasterDares/(Jamari Langston) jumped to 136,135,1 in the Bar
[14:06:28]ADMIN: HELP: Smallgay322/(Russell Andreev): Подскажите где механик проживает. - heard by 3 non-AFK admins.
[14:06:39]ADMIN: MasterDares/(Jamari Langston) changed the equipment of MasterDares/(Jamari Langston) to assassin.
[14:06:47]ADMIN: MasterDares/(Jamari Langston) jumped to 129,136,1 in the Central Primary Hallway
[14:06:48]ADMIN: HELP: Dream Marrios/(Dream Marrios): qq all - heard by 3 non-AFK admins.
[14:06:58]ADMIN: PM: Den19ua/(Hail Satan)->Dream Marrios/(Dream Marrios): sup
[14:07:07]ADMIN: PM: Dream Marrios/(Dream Marrios)->Den19ua/(Hail Satan): Вам нужны маперы?
[14:07:31]ADMIN: PM: Den19ua/(Hail Satan)->Dream Marrios/(Devon Richards): Эт не ко мне вопрос, а к другим админам, &#255; просто хост
[14:07:35]ADMIN: MasterDares/(Jamari Langston) healed / revived MasterDares/(Jamari Langston)
[14:07:42]ADMIN: PM: Dream Marrios/(Devon Richards)->Den19ua/(Hail Satan): Хм,а к кому?
[14:07:50]ADMIN: MasterDares/(Jamari Langston) has toggled MasterDares's JUMP block on!
[14:07:52]ADMIN: Den19ua/(Hail Satan) changed the equipment of Den19ua/(Hail Satan) to space pirate.
[14:08:13]ADMIN: Russell Andreev/(smallgay322) opened the closed  firelock at <A HREF='?_src_=holder;adminplayerobservecoodjump=1;X=115;Y=107;Z=1'>Mechanics - 115,107,1</a>
[14:08:15]ADMIN: Russell Andreev/(smallgay322) closed the open  firelock at <A HREF='?_src_=holder;adminplayerobservecoodjump=1;X=115;Y=107;Z=1'>Mechanics - 115,107,1</a>
[14:08:44]ADMIN: MasterDares/(Jamari Langston) deleted Jamari Langston at (129,116,1)
[14:09:07]ADMIN: MasterDares/(Jamari Langston) has used rudimentary transformation on MasterDares/(Jamari Langston). Transforming to human; deletemob=1
[14:09:29]ADMIN: MasterDares/(Jamari Langston) changed the equipment of MasterDares/(Jamari Langston) to masked killer.
[14:10:00]ADMIN: HELP: Dream Marrios/(Devon Richards): Ну дак что? - heard by 3 non-AFK admins.
[14:11:01]ADMIN: Den19ua/(Hail Satan) healed / revived Den19ua/(Hail Satan)
[14:11:10]ADMIN: HELP: Tizit/(Dakota Wright): мен&#255; загрифонили - heard by 3 non-AFK admins.
[14:11:14]ADMIN: HELP: Tizit/(Dakota Wright): ))) - heard by 3 non-AFK admins.
[14:11:30]ADMIN: HELP: Tizit/(Dakota Wright): одмен забань его - heard by 3 non-AFK admins.
[14:11:39]ADMIN: HELP: Tizit/(Dakota Wright): Maxwell Stark - heard by 3 non-AFK admins.
[14:11:45]ADMIN: HELP: Tizit/(Dakota Wright): преврати его в какашку - heard by 3 non-AFK admins.
[14:14:35]ADMIN: Hail Satan/(den19ua) closed the open and alarming firelock at <A HREF='?_src_=holder;adminplayerobservecoodjump=1;X=123;Y=134;Z=1'>Bridge - 123,134,1</a>
[14:14:36]ADMIN: Dakota Wright/(tizit) closed the open and alarming firelock at <A HREF='?_src_=holder;adminplayerobservecoodjump=1;X=95;Y=141;Z=1'>Central Primary Hallway - 95,141,1</a>
[14:14:39]ADMIN: Hail Satan/(den19ua) closed the open and alarming firelock at <A HREF='?_src_=holder;adminplayerobservecoodjump=1;X=125;Y=134;Z=1'>Central Primary Hallway - 125,134,1</a>
[14:14:50]ADMIN: Dakota Wright/(tizit) closed the open and alarming firelock at <A HREF='?_src_=holder;adminplayerobservecoodjump=1;X=95;Y=141;Z=1'>Central Primary Hallway - 95,141,1</a>
[14:14:50]ADMIN: HELP: Maxwell_Stark/(Maxwell Stark): Дайте триторку - heard by 3 non-AFK admins.
[14:14:56]ADMIN: Hail Satan/(den19ua) closed the open and alarming firelock at <A HREF='?_src_=holder;adminplayerobservecoodjump=1;X=129;Y=131;Z=1'>Central Primary Hallway - 129,131,1</a>
[14:15:08]ADMIN: Jamari Langston/(masterdares) closed the open and alarming firelock at <A HREF='?_src_=holder;adminplayerobservecoodjump=1;X=131;Y=130;Z=1'>Central Primary Hallway - 131,130,1</a>
[14:15:11]ADMIN: Jamari Langston/(masterdares) closed the open and alarming firelock at <A HREF='?_src_=holder;adminplayerobservecoodjump=1;X=130;Y=131;Z=1'>Central Primary Hallway - 130,131,1</a>
[14:15:17]ADMIN: Jamari Langston/(masterdares) closed the open  firelock at <A HREF='?_src_=holder;adminplayerobservecoodjump=1;X=122;Y=145;Z=1'>Dormitories - 122,145,1</a>
[14:15:37]ADMIN: Hail Satan/(den19ua) closed the open and alarming firelock at <A HREF='?_src_=holder;adminplayerobservecoodjump=1;X=130;Y=131;Z=1'>Central Primary Hallway - 130,131,1</a>
[14:15:39]ADMIN: Hail Satan/(den19ua) closed the open and alarming firelock at <A HREF='?_src_=holder;adminplayerobservecoodjump=1;X=131;Y=129;Z=1'>Central Primary Hallway - 131,129,1</a>
[14:16:05]ADMIN: Maxwell Stark/(maxwellstark) closed the open and alarming firelock at <A HREF='?_src_=holder;adminplayerobservecoodjump=1;X=95;Y=140;Z=1'>Central Primary Hallway - 95,140,1</a>
[14:16:15]ADMIN: Maxwell Stark/(maxwellstark) closed the open and alarming firelock at <A HREF='?_src_=holder;adminplayerobservecoodjump=1;X=101;Y=134;Z=1'>Central Primary Hallway - 101,134,1</a>
[14:16:20]ADMIN: Maxwell Stark/(maxwellstark) closed the open and alarming firelock at <A HREF='?_src_=holder;adminplayerobservecoodjump=1;X=103;Y=134;Z=1'>Bridge - 103,134,1</a>
[14:16:26]ADMIN: Maxwell Stark/(maxwellstark) closed the open  firelock at <A HREF='?_src_=holder;adminplayerobservecoodjump=1;X=106;Y=132;Z=1'>Heads of Staff Meeting Room - 106,132,1</a>
[14:16:35]ADMIN: HELP: Maxwell_Stark/(Maxwell Stark): У мен&#255; легкие порвались? - heard by 3 non-AFK admins.
[14:16:36]ADMIN: Jamari Langston/(masterdares) closed the open and alarming firelock at <A HREF='?_src_=holder;adminplayerobservecoodjump=1;X=130;Y=131;Z=1'>Central Primary Hallway - 130,131,1</a>
[14:16:36]ADMIN: Maxwell Stark/(maxwellstark) closed the open and alarming firelock at <A HREF='?_src_=holder;adminplayerobservecoodjump=1;X=106;Y=125;Z=1'>Heads of Staff Meeting Room - 106,125,1</a>
[14:16:38]ADMIN: Jamari Langston/(masterdares) closed the open and alarming firelock at <A HREF='?_src_=holder;adminplayerobservecoodjump=1;X=130;Y=127;Z=1'>Central Primary Hallway - 130,127,1</a>
[14:16:38]ADMIN: Maxwell Stark/(maxwellstark) closed the open and alarming firelock at <A HREF='?_src_=holder;adminplayerobservecoodjump=1;X=106;Y=122;Z=1'>Head of Personnel's Office - 106,122,1</a>
[14:16:41]ADMIN: MasterDares/(Jamari Langston) jumped to Maxwell_Stark/(Maxwell Stark)
[14:16:49]ADMIN: Jamari Langston/(masterdares) closed the open and alarming firelock at <A HREF='?_src_=holder;adminplayerobservecoodjump=1;X=106;Y=125;Z=1'>Heads of Staff Meeting Room - 106,125,1</a>
[14:17:06]ADMIN: HELP: Maxwell_Stark/(Maxwell Stark): Верните мне голову - heard by 3 non-AFK admins.
[14:17:08]ADMIN: HELP: Maxwell_Stark/(Maxwell Stark): Лол - heard by 3 non-AFK admins.
[14:17:12]ADMIN: PM: MasterDares/(Jamari Langston)->Maxwell_Stark/(Maxwell Stark): ГДЕ ГОЛОВА?
[14:17:16]ADMIN: HELP: Maxwell_Stark/(Maxwell Stark): &#255; хщ - heard by 3 non-AFK admins.
[14:17:35]ADMIN: Dakota Wright/(tizit) closed the open and alarming firelock at <A HREF='?_src_=holder;adminplayerobservecoodjump=1;X=95;Y=140;Z=1'>Central Primary Hallway - 95,140,1</a>
[14:17:38]ADMIN: Dakota Wright/(tizit) closed the open and alarming firelock at <A HREF='?_src_=holder;adminplayerobservecoodjump=1;X=108;Y=140;Z=1'>Central Primary Hallway - 108,140,1</a>
[14:17:41]ADMIN: MasterDares/(Jamari Langston) deleted Maxwell Stark's head at (106,123,1)
[14:17:42]ADMIN: Dakota Wright/(tizit) closed the open and alarming firelock at <A HREF='?_src_=holder;adminplayerobservecoodjump=1;X=114;Y=145;Z=1'>Central Primary Hallway - 114,145,1</a>
[14:17:46]ADMIN: MasterDares/(Jamari Langston) healed / revived Maxwell_Stark/(Maxwell Stark)
[14:18:14]ADMIN: Maynard Goebbles/(makcimel) closed the open and alarming firelock at <A HREF='?_src_=holder;adminplayerobservecoodjump=1;X=49;Y=150;Z=1'>Arrival Shuttle Hallway - 49,150,1</a>
[14:18:15]ADMIN: Maynard Goebbles/(makcimel) closed the open and alarming firelock at <A HREF='?_src_=holder;adminplayerobservecoodjump=1;X=50;Y=150;Z=1'>Arrival Shuttle Hallway - 50,150,1</a>
[14:18:18]ADMIN: Maxwell Stark/(maxwellstark) closed the open and alarming firelock at <A HREF='?_src_=holder;adminplayerobservecoodjump=1;X=106;Y=125;Z=1'>Heads of Staff Meeting Room - 106,125,1</a>
[14:18:26]ADMIN: Maxwell Stark/(maxwellstark) closed the open and alarming firelock at <A HREF='?_src_=holder;adminplayerobservecoodjump=1;X=106;Y=125;Z=1'>Heads of Staff Meeting Room - 106,125,1</a>
[14:18:55]ADMIN: MasterDares/(Jamari Langston) played a local sound Звонок.wma
[14:19:02]ADMIN: Maxwell Stark/(maxwellstark) closed the open and alarming firelock at <A HREF='?_src_=holder;adminplayerobservecoodjump=1;X=106;Y=132;Z=1'>Heads of Staff Meeting Room - 106,132,1</a>
[14:19:19]ADMIN: Maxwell Stark/(maxwellstark) closed the open and alarming firelock at <A HREF='?_src_=holder;adminplayerobservecoodjump=1;X=123;Y=134;Z=1'>Bridge - 123,134,1</a>
[14:19:21]ADMIN: Maxwell Stark/(maxwellstark) closed the open and alarming firelock at <A HREF='?_src_=holder;adminplayerobservecoodjump=1;X=125;Y=134;Z=1'>Central Primary Hallway - 125,134,1</a>
[14:19:22]ADMIN: Maynard Goebbles/(makcimel) closed the open  firelock at <A HREF='?_src_=holder;adminplayerobservecoodjump=1;X=75;Y=143;Z=1'>Primary Tool Storage - 75,143,1</a>
[14:19:26]ADMIN: Maynard Goebbles/(makcimel) closed the open and alarming firelock at <A HREF='?_src_=holder;adminplayerobservecoodjump=1;X=77;Y=141;Z=1'>Port Primary Hallway - 77,141,1</a>
[14:19:27]ADMIN: Maynard Goebbles/(makcimel) closed the open and alarming firelock at <A HREF='?_src_=holder;adminplayerobservecoodjump=1;X=77;Y=140;Z=1'>Port Primary Hallway - 77,140,1</a>
[14:19:27]ADMIN: Maxwell Stark/(maxwellstark) closed the open and alarming firelock at <A HREF='?_src_=holder;adminplayerobservecoodjump=1;X=120;Y=141;Z=1'>Central Primary Hallway - 120,141,1</a>
[14:19:31]ADMIN: Maxwell Stark/(maxwellstark) closed the open and alarming firelock at <A HREF='?_src_=holder;adminplayerobservecoodjump=1;X=113;Y=145;Z=1'>Central Primary Hallway - 113,145,1</a>
[14:19:31]ADMIN: Maynard Goebbles/(makcimel) closed the open and alarming firelock at <A HREF='?_src_=holder;adminplayerobservecoodjump=1;X=93;Y=142;Z=1'>Port Primary Hallway - 93,142,1</a>
[14:19:34]ADMIN: Maynard Goebbles/(makcimel) closed the open and alarming firelock at <A HREF='?_src_=holder;adminplayerobservecoodjump=1;X=95;Y=142;Z=1'>Central Primary Hallway - 95,142,1</a>
[14:19:34]ADMIN: Maxwell Stark/(maxwellstark) closed the open and alarming firelock at <A HREF='?_src_=holder;adminplayerobservecoodjump=1;X=113;Y=147;Z=1'>Fore Primary Hallway - 113,147,1</a>
[14:19:42]ADMIN: Maynard Goebbles/(makcimel) closed the open and alarming firelock at <A HREF='?_src_=holder;adminplayerobservecoodjump=1;X=98;Y=132;Z=1'>Central Primary Hallway - 98,132,1</a>
[14:19:46]ADMIN: Maynard Goebbles/(makcimel) closed the open and alarming firelock at <A HREF='?_src_=holder;adminplayerobservecoodjump=1;X=98;Y=122;Z=1'>Central Primary Hallway - 98,122,1</a>
[14:19:54]ADMIN: Maynard Goebbles/(makcimel) closed the open and alarming firelock at <A HREF='?_src_=holder;adminplayerobservecoodjump=1;X=107;Y=112;Z=1'>Central Primary Hallway - 107,112,1</a>
[14:19:57]ADMIN: Maynard Goebbles/(makcimel) closed the open and alarming firelock at <A HREF='?_src_=holder;adminplayerobservecoodjump=1;X=109;Y=112;Z=1'>Central Primary Hallway - 109,112,1</a>
[14:20:24]ADMIN: Maxwell Stark/(maxwellstark) closed the open and alarming firelock at <A HREF='?_src_=holder;adminplayerobservecoodjump=1;X=112;Y=159;Z=1'>Fore Primary Hallway - 112,159,1</a>
[14:20:26]ADMIN: Dakota Wright/(tizit) closed the open and alarming firelock at <A HREF='?_src_=holder;adminplayerobservecoodjump=1;X=113;Y=147;Z=1'>Fore Primary Hallway - 113,147,1</a>
[14:20:26]ADMIN: Amos Zimmer/(thesarkazmus) closed the open and alarming firelock at <A HREF='?_src_=holder;adminplayerobservecoodjump=1;X=49;Y=150;Z=1'>Arrival Shuttle Hallway - 49,150,1</a>
[14:20:27]ADMIN: Maxwell Stark/(maxwellstark) closed the open and alarming firelock at <A HREF='?_src_=holder;adminplayerobservecoodjump=1;X=112;Y=161;Z=1'>Fore Primary Hallway - 112,161,1</a>
[14:20:29]ADMIN: Dakota Wright/(tizit) closed the open and alarming firelock at <A HREF='?_src_=holder;adminplayerobservecoodjump=1;X=113;Y=145;Z=1'>Central Primary Hallway - 113,145,1</a>
[14:20:30]ADMIN: Maxwell Stark/(maxwellstark) closed the open  firelock at <A HREF='?_src_=holder;adminplayerobservecoodjump=1;X=114;Y=165;Z=1'>Security Lobby - 114,165,1</a>
[14:20:34]ADMIN: Dakota Wright/(tizit) closed the open and alarming firelock at <A HREF='?_src_=holder;adminplayerobservecoodjump=1;X=108;Y=140;Z=1'>Central Primary Hallway - 108,140,1</a>
[14:20:34]ADMIN: Dakota Wright/(tizit) closed the open and alarming firelock at <A HREF='?_src_=holder;adminplayerobservecoodjump=1;X=108;Y=141;Z=1'>Central Primary Hallway - 108,141,1</a>
[14:20:39]ADMIN: Dakota Wright/(tizit) closed the open and alarming firelock at <A HREF='?_src_=holder;adminplayerobservecoodjump=1;X=95;Y=140;Z=1'>Central Primary Hallway - 95,140,1</a>
[14:20:48]ADMIN: Amos Zimmer/(thesarkazmus) closed the open and alarming firelock at <A HREF='?_src_=holder;adminplayerobservecoodjump=1;X=49;Y=150;Z=1'>Arrival Shuttle Hallway - 49,150,1</a>
[14:21:05]ADMIN: Edwin Mildred/(egorkillerua) closed the open  firelock at <A HREF='?_src_=holder;adminplayerobservecoodjump=1;X=75;Y=143;Z=1'>Primary Tool Storage - 75,143,1</a>
[14:21:10]ADMIN: Edwin Mildred/(egorkillerua) closed the open and alarming firelock at <A HREF='?_src_=holder;adminplayerobservecoodjump=1;X=77;Y=142;Z=1'>Port Primary Hallway - 77,142,1</a>
[14:21:12]ADMIN: Amos Zimmer/(thesarkazmus) closed the open and alarming firelock at <A HREF='?_src_=holder;adminplayerobservecoodjump=1;X=49;Y=150;Z=1'>Arrival Shuttle Hallway - 49,150,1</a>
[14:21:27]ADMIN: Edwin Mildred/(egorkillerua) closed the open and alarming firelock at <A HREF='?_src_=holder;adminplayerobservecoodjump=1;X=77;Y=142;Z=1'>Port Primary Hallway - 77,142,1</a>
[14:21:30]ADMIN: Edwin Mildred/(egorkillerua) opened the closed and alarming firelock at <A HREF='?_src_=holder;adminplayerobservecoodjump=1;X=77;Y=142;Z=1'>Port Primary Hallway - 77,142,1</a>
[14:22:10]ADMIN: Amos Zimmer/(thesarkazmus) closed the open and alarming firelock at <A HREF='?_src_=holder;adminplayerobservecoodjump=1;X=49;Y=150;Z=1'>Arrival Shuttle Hallway - 49,150,1</a>
[14:22:46]ADMIN: Dakota Wright/(tizit) closed the open and alarming firelock at <A HREF='?_src_=holder;adminplayerobservecoodjump=1;X=93;Y=141;Z=1'>Port Primary Hallway - 93,141,1</a>
[14:22:49]ADMIN: Dakota Wright/(tizit) closed the open and alarming firelock at <A HREF='?_src_=holder;adminplayerobservecoodjump=1;X=95;Y=141;Z=1'>Central Primary Hallway - 95,141,1</a>
[14:22:56]ADMIN: Hail Satan/(den19ua) closed the open and alarming firelock at <A HREF='?_src_=holder;adminplayerobservecoodjump=1;X=131;Y=130;Z=1'>Central Primary Hallway - 131,130,1</a>
[14:22:56]ADMIN: Dakota Wright/(tizit) closed the open and alarming firelock at <A HREF='?_src_=holder;adminplayerobservecoodjump=1;X=93;Y=141;Z=1'>Port Primary Hallway - 93,141,1</a>
[14:22:59]ADMIN: Hail Satan/(den19ua) closed the open and alarming firelock at <A HREF='?_src_=holder;adminplayerobservecoodjump=1;X=130;Y=131;Z=1'>Central Primary Hallway - 130,131,1</a>
[14:23:03]ADMIN: Dakota Wright/(tizit) closed the open and alarming firelock at <A HREF='?_src_=holder;adminplayerobservecoodjump=1;X=77;Y=141;Z=1'>Port Primary Hallway - 77,141,1</a>
[14:23:15]ADMIN: Amos Zimmer/(thesarkazmus) closed the open and alarming firelock at <A HREF='?_src_=holder;adminplayerobservecoodjump=1;X=51;Y=144;Z=1'>Arrival Shuttle Hallway - 51,144,1</a>
[14:23:18]ADMIN: SubtlePM: MasterDares/(Jamari Langston) -> Maxwell_Stark/(Maxwell Stark) : ВАС ЗАДЕЛО ОСКОЛКОМ
[14:23:31]ADMIN: Maxwell Stark/(maxwellstark) closed the open and alarming firelock at <A HREF='?_src_=holder;adminplayerobservecoodjump=1;X=113;Y=145;Z=1'>Central Primary Hallway - 113,145,1</a>
[14:23:33]ADMIN: SubtlePM: MasterDares/(Jamari Langston) -> Maxwell_Stark/(Maxwell Stark) : ВЫ ЧУВСТВУЕТЕ АДСКУЮ БОЛЬ
[14:23:53]ADMIN: Maxwell Stark/(maxwellstark) closed the open and alarming firelock at <A HREF='?_src_=holder;adminplayerobservecoodjump=1;X=113;Y=145;Z=1'>Central Primary Hallway - 113,145,1</a>
[14:23:55]ADMIN: MasterDares/(Jamari Langston) dealt 50 amount of brute damage to Maxwell Stark 
[14:23:58]ADMIN: Maxwell Stark/(maxwellstark) closed the open and alarming firelock at <A HREF='?_src_=holder;adminplayerobservecoodjump=1;X=108;Y=140;Z=1'>Central Primary Hallway - 108,140,1</a>
[14:23:58]ADMIN: Edwin Mildred/(egorkillerua) closed the open and alarming firelock at <A HREF='?_src_=holder;adminplayerobservecoodjump=1;X=77;Y=141;Z=1'>Port Primary Hallway - 77,141,1</a>
[14:24:03]ADMIN: Hail Satan/(den19ua) closed the open and alarming firelock at <A HREF='?_src_=holder;adminplayerobservecoodjump=1;X=63;Y=140;Z=1'>Port Primary Hallway - 63,140,1</a>
[14:24:06]ADMIN: Hail Satan/(den19ua) closed the open and alarming firelock at <A HREF='?_src_=holder;adminplayerobservecoodjump=1;X=61;Y=140;Z=1'>Arrival Shuttle Hallway - 61,140,1</a>
[14:24:09]ADMIN: Maxwell Stark/(maxwellstark) closed the open and alarming firelock at <A HREF='?_src_=holder;adminplayerobservecoodjump=1;X=95;Y=140;Z=1'>Central Primary Hallway - 95,140,1</a>
[14:24:11]ADMIN: Hail Satan/(den19ua) closed the open and alarming firelock at <A HREF='?_src_=holder;adminplayerobservecoodjump=1;X=51;Y=144;Z=1'>Arrival Shuttle Hallway - 51,144,1</a>
[14:24:14]ADMIN: Hail Satan/(den19ua) closed the open and alarming firelock at <A HREF='?_src_=holder;adminplayerobservecoodjump=1;X=49;Y=150;Z=1'>Arrival Shuttle Hallway - 49,150,1</a>
[14:24:17]ADMIN: Dakota Wright/(tizit) closed the open and alarming firelock at <A HREF='?_src_=holder;adminplayerobservecoodjump=1;X=77;Y=141;Z=1'>Port Primary Hallway - 77,141,1</a>
[14:24:19]ADMIN: Maxwell Stark/(maxwellstark) closed the open and alarming firelock at <A HREF='?_src_=holder;adminplayerobservecoodjump=1;X=95;Y=140;Z=1'>Central Primary Hallway - 95,140,1</a>
[14:24:24]ADMIN: Dakota Wright/(tizit) closed the open and alarming firelock at <A HREF='?_src_=holder;adminplayerobservecoodjump=1;X=63;Y=141;Z=1'>Port Primary Hallway - 63,141,1</a>
[14:24:30]ADMIN: Dakota Wright/(tizit) closed the open and alarming firelock at <A HREF='?_src_=holder;adminplayerobservecoodjump=1;X=61;Y=141;Z=1'>Arrival Shuttle Hallway - 61,141,1</a>
[14:24:32]ADMIN: Edwin Mildred/(egorkillerua) closed the open and alarming firelock at <A HREF='?_src_=holder;adminplayerobservecoodjump=1;X=77;Y=141;Z=1'>Port Primary Hallway - 77,141,1</a>
[14:24:44]ADMIN: Dakota Wright/(tizit) closed the open and alarming firelock at <A HREF='?_src_=holder;adminplayerobservecoodjump=1;X=51;Y=143;Z=1'>Arrival Shuttle Hallway - 51,143,1</a>
[14:24:56]ADMIN: Dakota Wright/(tizit) closed the open and alarming firelock at <A HREF='?_src_=holder;adminplayerobservecoodjump=1;X=49;Y=150;Z=1'>Arrival Shuttle Hallway - 49,150,1</a>
[14:25:06]ADMIN: Edwin Mildred/(egorkillerua) closed the open and alarming firelock at <A HREF='?_src_=holder;adminplayerobservecoodjump=1;X=63;Y=141;Z=1'>Port Primary Hallway - 63,141,1</a>
[14:25:13]ADMIN: Edwin Mildred/(egorkillerua) closed the open and alarming firelock at <A HREF='?_src_=holder;adminplayerobservecoodjump=1;X=61;Y=140;Z=1'>Arrival Shuttle Hallway - 61,140,1</a>
[14:25:16]ADMIN: Hail Satan/(den19ua) closed the open and alarming firelock at <A HREF='?_src_=holder;adminplayerobservecoodjump=1;X=108;Y=140;Z=1'>Central Primary Hallway - 108,140,1</a>
[14:25:22]ADMIN: Maxwell Stark/(maxwellstark) closed the open and alarming firelock at <A HREF='?_src_=holder;adminplayerobservecoodjump=1;X=63;Y=141;Z=1'>Port Primary Hallway - 63,141,1</a>
[14:25:27]ADMIN: Maxwell Stark/(maxwellstark) closed the open and alarming firelock at <A HREF='?_src_=holder;adminplayerobservecoodjump=1;X=61;Y=141;Z=1'>Arrival Shuttle Hallway - 61,141,1</a>
[14:25:29]ADMIN: Edwin Mildred/(egorkillerua) closed the open and alarming firelock at <A HREF='?_src_=holder;adminplayerobservecoodjump=1;X=51;Y=144;Z=1'>Arrival Shuttle Hallway - 51,144,1</a>
[14:25:31]ADMIN: Den19ua/(Hail Satan) healed / revived Den19ua/(Hail Satan)
[14:25:34]ADMIN: Edwin Mildred/(egorkillerua) closed the open and alarming firelock at <A HREF='?_src_=holder;adminplayerobservecoodjump=1;X=49;Y=150;Z=1'>Arrival Shuttle Hallway - 49,150,1</a>
[14:25:41]ADMIN: Hail Satan/(den19ua) closed the open and alarming firelock at <A HREF='?_src_=holder;adminplayerobservecoodjump=1;X=123;Y=134;Z=1'>Bridge - 123,134,1</a>
[14:25:47]ADMIN: Maxwell Stark/(maxwellstark) closed the open and alarming firelock at <A HREF='?_src_=holder;adminplayerobservecoodjump=1;X=63;Y=142;Z=1'>Port Primary Hallway - 63,142,1</a>
[14:25:52]ADMIN: Amos Zimmer/(thesarkazmus) closed the open and alarming firelock at <A HREF='?_src_=holder;adminplayerobservecoodjump=1;X=50;Y=150;Z=1'>Arrival Shuttle Hallway - 50,150,1</a>
[14:25:58]ADMIN: Unknown/(den19ua) closed the open and alarming firelock at <A HREF='?_src_=holder;adminplayerobservecoodjump=1;X=123;Y=134;Z=1'>Bridge - 123,134,1</a>
[14:26:05]ADMIN: MasterDares/(Jamari Langston) modified [0x2108d37b] (heart)'s owner to the wood floor tile
[14:26:07]ADMIN: Hail Satan/(den19ua) closed the open and alarming firelock at <A HREF='?_src_=holder;adminplayerobservecoodjump=1;X=120;Y=132;Z=1'>Captain's Office - 120,132,1</a>
[14:26:22]ADMIN: Amos Zimmer/(thesarkazmus) closed the open and alarming firelock at <A HREF='?_src_=holder;adminplayerobservecoodjump=1;X=49;Y=150;Z=1'>Arrival Shuttle Hallway - 49,150,1</a>
[14:26:33]ADMIN: Den19ua/(Hail Satan) healed / revived Den19ua/(Hail Satan)
[14:26:58]ADMIN: Den19ua/(Hail Satan) created a /obj/item/ammo_casing/c45 and /obj/item/ammo_storage/box/c45
[14:27:09]ADMIN: Amos Zimmer/(thesarkazmus) closed the open and alarming firelock at <A HREF='?_src_=holder;adminplayerobservecoodjump=1;X=47;Y=136;Z=1'>Arrival Shuttle Hallway - 47,136,1</a>
[14:27:15]ADMIN: MasterDares/(Jamari Langston) has toggled Maxwell_Stark's HALLUCINATION block on!
[14:27:21]ADMIN: Den19ua/(Hail Satan) created a /obj/item/device/onetankbomb
[14:27:26]ADMIN: MasterDares/(Jamari Langston) has toggled Maxwell_Stark's COUGH block on!
[14:27:27]ADMIN: Den19ua/(Hail Satan) created a /obj/item/device/onetankbomb
[14:27:29]ADMIN: MasterDares/(Jamari Langston) has toggled Maxwell_Stark's FAT block on!
[14:27:33]ADMIN: Den19ua/(Hail Satan) healed / revived Den19ua/(Hail Satan)
[14:27:36]ADMIN: Den19ua/(Hail Satan) created a /obj/item/device/fuse_bomb
[14:27:59]ADMIN: Den19ua/(Hail Satan) healed / revived Den19ua/(Hail Satan)
[14:28:06]ADMIN: Den19ua/(Hail Satan) created a /obj/effect/spawner/newbomb/timer
[14:28:15]ADMIN: Hail Satan/(den19ua) closed the open and alarming firelock at <A HREF='?_src_=holder;adminplayerobservecoodjump=1;X=123;Y=134;Z=1'>Bridge - 123,134,1</a>
[14:28:18]ADMIN: MasterDares/(Jamari Langston) created a /mob/living/simple_animal/sculpture
[14:28:23]ADMIN: EgorkillerUA/(Edwin Mildred) toggled respawn to Off.
[14:28:24]ADMIN: EgorkillerUA/(Edwin Mildred) toggled respawn to On.
[14:28:27]ADMIN: Maxwell Stark/(maxwellstark) closed the open and alarming firelock at <A HREF='?_src_=holder;adminplayerobservecoodjump=1;X=108;Y=141;Z=1'>Central Primary Hallway - 108,141,1</a>
[14:28:29]ADMIN: Hail Satan/(den19ua) closed the open and alarming firelock at <A HREF='?_src_=holder;adminplayerobservecoodjump=1;X=123;Y=134;Z=1'>Bridge - 123,134,1</a>
[14:28:43]ADMIN: Den19ua/(Hail Satan) healed / revived Den19ua/(Hail Satan)
[14:28:50]ADMIN: Maxwell Stark/(maxwellstark) closed the open and alarming firelock at <A HREF='?_src_=holder;adminplayerobservecoodjump=1;X=108;Y=141;Z=1'>Central Primary Hallway - 108,141,1</a>
[14:28:58]ADMIN: EgorkillerUA/(Edwin Mildred) jumped to the Brig
[14:29:00]ADMIN: New singularity made. Last touched by .
[14:29:04]ADMIN: Hail Satan/(den19ua) closed the open and alarming firelock at <A HREF='?_src_=holder;adminplayerobservecoodjump=1;X=131;Y=129;Z=1'>Central Primary Hallway - 131,129,1</a>
[14:29:07]ADMIN: MasterDares/(Jamari Langston) has toggled Maxwell_Stark's GLASSES block on!
[14:29:22]ADMIN: Den19ua/(Hail Satan) created a /obj/effect/spawner/newbomb/timer
[14:29:50]ADMIN: Maxwell Stark (maxwellstark) had his neck snapped by an active SCP-173.
[14:30:18]ADMIN: Hail Satan/(den19ua) closed the open  firelock at <A HREF='?_src_=holder;adminplayerobservecoodjump=1;X=147;Y=127;Z=1'>Medbay - 147,127,1</a>
[14:30:22]ADMIN: Hail Satan/(den19ua) closed the open and alarming firelock at <A HREF='?_src_=holder;adminplayerobservecoodjump=1;X=148;Y=121;Z=1'>Medbay - 148,121,1</a>
[14:30:49]ADMIN: Maxwell Stark/(maxwellstark) closed the open and alarming firelock at <A HREF='?_src_=holder;adminplayerobservecoodjump=1;X=120;Y=142;Z=1'>Central Primary Hallway - 120,142,1</a>
[14:31:09]ADMIN: Maxwell Stark/(maxwellstark) closed the open and alarming firelock at <A HREF='?_src_=holder;adminplayerobservecoodjump=1;X=129;Y=131;Z=1'>Central Primary Hallway - 129,131,1</a>
[14:31:22]ADMIN: MasterDares/(Jamari Langston) created a /mob/living/simple_animal/sculpture
[14:31:22]ADMIN: Maxwell Stark/(maxwellstark) closed the open and alarming firelock at <A HREF='?_src_=holder;adminplayerobservecoodjump=1;X=131;Y=130;Z=1'>Central Primary Hallway - 131,130,1</a>
[14:31:23]ADMIN: Maxwell Stark (maxwellstark) had his neck snapped by an active SCP-173.
[14:31:31]ADMIN: Maxwell Stark (maxwellstark) had his neck snapped by an active SCP-173.
[14:31:43]ADMIN: Den19ua/(Hail Satan) created a /obj/effect/spawner/newbomb/timer
[14:31:56]ADMIN: Maxwell Stark (maxwellstark) had his neck snapped by an active SCP-173.
[14:32:05]ADMIN: MasterDares/(Jamari Langston) teleported *no key*/(SCP-173)
[14:32:10]ADMIN: MasterDares/(Jamari Langston) deleted SCP-173 at (154,130,1)
[14:32:23]ADMIN: Den19ua/(Hail Satan) healed / revived Den19ua/(Hail Satan)
[14:33:09]ADMIN: Maxwell Stark/(maxwellstark) closed the open and alarming firelock at <A HREF='?_src_=holder;adminplayerobservecoodjump=1;X=155;Y=130;Z=1'>Starboard Primary Hallway - 155,130,1</a>
[14:33:10]ADMIN: Maxwell Stark/(maxwellstark) closed the open and alarming firelock at <A HREF='?_src_=holder;adminplayerobservecoodjump=1;X=155;Y=129;Z=1'>Starboard Primary Hallway - 155,129,1</a>
[14:33:49]ADMIN: MasterDares/(Jamari Langston) used Spawn Death Squad.
[14:33:49]ADMIN: MasterDares/(Jamari Langston) used secret striketeam
[14:33:50]ADMIN: Maxwell Stark/(maxwellstark) closed the open and alarming firelock at <A HREF='?_src_=holder;adminplayerobservecoodjump=1;X=186;Y=128;Z=1'>Starboard Primary Hallway - 186,128,1</a>
[14:34:11]ADMIN: MasterDares/(Jamari Langston) jumped to Tizit/(Corporal Thorley)
[14:34:49]ADMIN: Den19ua/(Hail Satan) has possessed Hail Satan's head (/obj/item/weapon/organ/head) at (153, 119, 1)
[14:35:14]ADMIN: Maxwell Stark/(maxwellstark) closed the open  firelock at <A HREF='?_src_=holder;adminplayerobservecoodjump=1;X=187;Y=128;Z=1'>Escape Shuttle Hallway - 187,128,1</a>
[14:35:23]ADMIN: Den19ua/(Hail Satan) has possessed the fueltank (/obj/structure/reagent_dispensers/fueltank) at (190, 129, 1)
[14:36:20]ADMIN: Maxwell Stark/(maxwellstark) closed the open and alarming firelock at <A HREF='?_src_=holder;adminplayerobservecoodjump=1;X=187;Y=128;Z=1'>Escape Shuttle Hallway - 187,128,1</a>
[14:36:42]ADMIN: Maxwell Stark/(maxwellstark) closed the open and alarming firelock at <A HREF='?_src_=holder;adminplayerobservecoodjump=1;X=133;Y=128;Z=1'>Starboard Primary Hallway - 133,128,1</a>
[14:36:50]ADMIN: Maxwell Stark/(maxwellstark) closed the open and alarming firelock at <A HREF='?_src_=holder;adminplayerobservecoodjump=1;X=129;Y=127;Z=1'>Central Primary Hallway - 129,127,1</a>
[14:36:54]ADMIN: Maxwell Stark/(maxwellstark) closed the open and alarming firelock at <A HREF='?_src_=holder;adminplayerobservecoodjump=1;X=129;Y=119;Z=1'>Central Primary Hallway - 129,119,1</a>
[14:37:08]ADMIN: Den19ua/(fueltank) deleted Firelock West at (133,128,1)
[14:37:08]ADMIN: Maxwell Stark/(maxwellstark) closed the open and alarming firelock at <A HREF='?_src_=holder;adminplayerobservecoodjump=1;X=119;Y=111;Z=1'>Central Primary Hallway - 119,111,1</a>
[14:37:13]ADMIN: Maxwell Stark/(maxwellstark) closed the open and alarming firelock at <A HREF='?_src_=holder;adminplayerobservecoodjump=1;X=117;Y=111;Z=1'>Central Primary Hallway - 117,111,1</a>
[14:37:13]ADMIN: Den19ua/(fueltank) deleted Central Access at (132,128,1)
[14:37:18]ADMIN: Den19ua/(fueltank) deleted Firelock North at (129,127,1)
[14:37:26]ADMIN: MasterDares/(Jamari Langston) played sound 14 Муха.wma
[14:37:34]ADMIN: Den19ua/(fueltank) deleted Firelock North at (129,119,1)
[14:37:49]ADMIN: Russell Andreev/(smallgay322) closed the open and alarming firelock at <A HREF='?_src_=holder;adminplayerobservecoodjump=1;X=125;Y=107;Z=1'>Mechanics - 125,107,1</a>
[14:38:02]ADMIN: Maxwell Stark/(maxwellstark) closed the open and alarming firelock at <A HREF='?_src_=holder;adminplayerobservecoodjump=1;X=117;Y=111;Z=1'>Central Primary Hallway - 117,111,1</a>
[14:39:15]ADMIN: Den19ua/(Hail Satan's head) deleted Field Generator at (113,64,1)
[14:40:16]ADMIN: Den19ua/(Hail Satan) has possessed Gravitational Singularity (/obj/machinery/singularity) at (115, 59, 1)
[14:40:37]ADMIN: MasterDares/(Jamari Langston) used secret striketeam
[14:41:10]ADMIN: EgorkillerUA/(Edwin Mildred) has possessed Nar-Sie (/obj/machinery/singularity/narsie/large) at (104, 123, 1)
[14:41:13]ADMIN: EgorkillerUA/(Nar-Sie) used secret hellonearth
[14:41:27]ADMIN: MasterDares/(Jamari Langston) has possessed Nar-Sie (/obj/machinery/singularity/narsie/large) at (105, 110, 1)
[14:41:45]ADMIN: EgorkillerUA/(Nar-Sie) changed their view range to 14.
[14:41:55]ADMIN: Maxwell Stark (maxwellstark) had his neck snapped by an active SCP-173.
[14:42:58]ADMIN: Maxwell Stark (maxwellstark) had his neck snapped by an active SCP-173.
[14:43:44]ADMIN: MasterDares/(Jamari Langston) played a local sound 14 Муха.wma
[14:45:06]ADMIN: MasterDares/(Jamari Langston) used secret supermattercascade
[14:46:32]ADMIN: MasterDares/(Jamari Langston) created a /mob/living/carbon/human/plasma
[14:46:42]ADMIN: MasterDares/(Jamari Langston) created a /mob/living/carbon/monkey/unathi
[14:46:57]ADMIN: MasterDares/(Jamari Langston) created a /mob/living/carbon/slime/adult/sepia
[14:47:05]ADMIN: MasterDares/(Jamari Langston) created a /mob/living/simple_animal/hostile/retaliate/clown
[14:47:11]ADMIN: MasterDares/(Jamari Langston) created a /mob/living/simple_animal/hostile/alien/queen/large
[14:47:21]ADMIN: MasterDares/(Jamari Langston) created a /mob/living/simple_animal/hostile/faithless
[14:47:27]ADMIN: MasterDares/(Jamari Langston) created a /mob/living/simple_animal/hostile/asteroid
[14:47:36]ADMIN: MasterDares/(Jamari Langston) created a /mob/living/simple_animal/hostile/pirate
[14:47:39]ADMIN: MasterDares/(Jamari Langston) created a /mob/living/simple_animal/hostile/russian/ranged
[14:47:40]ADMIN: MasterDares/(Jamari Langston) created a /mob/living/simple_animal/hostile/pirate/ranged
[14:47:42]ADMIN: MasterDares/(Jamari Langston) created a /mob/living/simple_animal/hostile/pirate/ranged
[14:48:25]ADMIN: MasterDares/(Jamari Langston) played sound Кудах-тах-тах.ogg
[14:50:07]ADMIN: MasterDares/(Jamari Langston) played sound 9. School5 _ 1 Сентебрogg
---------------------
[14:51:47]WORLD: starting up...
[14:51:48]ADMIN: Loading Banlistjob
[14:51:48]ADMIN: Loading jobban_rank
[14:51:48]ADMIN: jobban_keylist was empty
[14:51:48]ADMIN: Updating jobbanfile!
[14:51:48]ADMIN: Loading appearance_rank
[14:51:48]ADMIN: appearance_keylist was empty
[14:51:48]ADMIN: Loading Banlist
[14:53:24]ADMIN: Den19ua/(Den19ua) delayed the game.
[14:57:42]ADMIN: Den19ua/(Den19ua) set the mode as traitor.
[14:59:04]ADMIN: MasterDares/(MasterDares) modified Space Station 13's icon to 1420769382547.jpg
[15:02:38]ADMIN: Den19ua has started the game.
[15:04:29]ADMIN: Logged as Yaroslav Leonov
[15:04:29]ADMIN: Logged as Yaroslav Leonov
[15:04:54]ADMIN: Den19ua deadmined themself.
[15:05:10]ADMIN: HELP: Maxwell_Stark/(Maxwell J. Stark): Где тут хардсьюиты? - heard by 1 non-AFK admins.
[15:06:02]ADMIN: HELP: Maxwell_Stark/(Maxwell J. Stark): хардсьюиты где бл&#255;ть - heard by 2 non-AFK admins.
[15:06:06]ADMIN: PM: MasterDares/(Collin Simpson)->Maxwell_Stark/(Maxwell J. Stark): тыче
[15:06:18]ADMIN: PM: MasterDares/(Collin Simpson)->Maxwell_Stark/(Maxwell J. Stark): Все же не будет у нас света?
[15:06:27]ADMIN: HELP: Maxwell_Stark/(Maxwell J. Stark): Будет, &#255; включу пол&#255; ценой жинзи - heard by 2 non-AFK admins.
[15:06:32]ADMIN: @MasterDares/(Collin Simpson) jumped to Maxwell_Stark/(Maxwell J. Stark)
[15:06:34]ADMIN: HELP: Maxwell_Stark/(Maxwell J. Stark): Ток не особо хочетс&#255; - heard by 2 non-AFK admins.
[15:07:12]ADMIN: HELP: Maxwell_Stark/(Maxwell J. Stark): где хардсьюиты бл&#255;&#255;&#255;&#255;&#255;&#255;&#255;&#255;&#255;&#255; - heard by 2 non-AFK admins.
[15:07:15]ADMIN: @MasterDares/(Collin Simpson) jumped to Maxwell_Stark/(Maxwell J. Stark)
[15:07:19]ADMIN: PM: MasterDares/(Collin Simpson)->Maxwell_Stark/(Maxwell J. Stark): ЧИСТИ
[15:08:39]ADMIN: HELP: Maxwell_Stark/(Maxwell J. Stark): ща будет свет - heard by 2 non-AFK admins.
[15:08:44]ADMIN: HELP: Maxwell_Stark/(Maxwell J. Stark): а термогенератор об&#255;зательно? - heard by 2 non-AFK admins.
[15:13:25]ADMIN: New singularity made. Last touched by .
[15:16:03]ADMIN: HELP: Maxwell_Stark/(Maxwell J. Stark): Надо было оставить вас без света - heard by 3 non-AFK admins.
[15:27:46]ADMIN: MasterDares/(Collin Simpson) :  a to
[15:28:04]ADMIN: PM: Den19ua/(Tyson Shafer)->MasterDares/(Collin Simpson): Ебать, вот же ты пидор
[15:28:09]ADMIN: PM: MasterDares/(Collin Simpson)->Den19ua/(Tyson Shafer): a ya cho?
[15:28:13]ADMIN: PM: Den19ua/(Tyson Shafer)->MasterDares/(Collin Simpson): Педл-повер, вот че
[15:28:21]ADMIN: PM: Den19ua/(Tyson Shafer)->MasterDares/(Collin Simpson): педал*
[15:28:22]ADMIN: PM: MasterDares/(Collin Simpson)->Den19ua/(Tyson Shafer): ti sam ne snyal s nego kostum
[15:28:29]ADMIN: PM: MasterDares/(Collin Simpson)->Den19ua/(Tyson Shafer): ya tebya i spalil
[15:29:07]ADMIN: PM: Den19ua/(Tyson Shafer)->MasterDares/(Collin Simpson): Ну пиздец, така&#255;-то мелочь спалила
[15:29:16]ADMIN: EgorkillerUA/(Micheal Vanleer) has remade the powernet. makepowernets() called.
[15:29:35]ADMIN: PM: MasterDares/(Collin Simpson)->Den19ua/(Tyson Shafer): Я не просто так попросил сенсоры в третий режим перевести.
[15:29:50]ADMIN: PM: Den19ua/(Tyson Shafer)->MasterDares/(Collin Simpson): Бл&#255;дь, ты там что, сидел и их мониторил?
[15:29:58]ADMIN: PM: MasterDares/(Collin Simpson)->Den19ua/(Tyson Shafer): Ну да.
[15:30:02]ADMIN: PM: MasterDares/(Collin Simpson)->Den19ua/(Tyson Shafer): Делать же нечего
[15:30:07]ADMIN: PM: MasterDares/(Collin Simpson)->Den19ua/(Tyson Shafer): Вызовов нет
[15:30:14]ADMIN: PM: Den19ua/(Tyson Shafer)->MasterDares/(Collin Simpson): Ебанутьс&#255;, такое-то невезение.
[15:32:19]ADMIN: HELP: Maxwell_Stark/(Maxwell J. Stark): Кто тебе чинить будет? Единственного инженера пидорнули в самом началле - heard by 3 non-AFK admins.
[15:32:50]ADMIN: EgorkillerUA/(Micheal Vanleer) jumped to Maxwell_Stark/(Maxwell J. Stark)
[15:33:12]ADMIN: PM: EgorkillerUA/(Micheal Vanleer)->Maxwell_Stark/(Maxwell J. Stark): Щас побежишь настраивать смесы
[15:33:27]ADMIN: HELP: Maxwell_Stark/(Maxwell J. Stark): Оке, &#255; не успел нихера - heard by 3 non-AFK admins.
[15:33:57]ADMIN: HELP: Tizit/(Alden Gibson): сук смо загрифонил - heard by 3 non-AFK admins.
[15:34:07]ADMIN: HELP: Tizit/(Alden Gibson): ыебите его - heard by 3 non-AFK admins.
[15:34:19]ADMIN: HELP: EgorkillerUA/(Micheal Vanleer):   - heard by 3 non-AFK admins.
[15:34:41]ADMIN: PM: MasterDares/(Collin Simpson)->Tizit/(Alden Gibson): Та не ссы.
[15:34:50]ADMIN: PM: Tizit/(Alden Gibson)->MasterDares/(Collin Simpson): анус ему дерните
[15:34:58]ADMIN: PM: Tizit/(Alden Gibson)->MasterDares/(Collin Simpson): он мен&amp;#255; усыпил фор но ризн
[15:35:08]ADMIN: PM: MasterDares/(Collin Simpson)->Tizit/(Alden Gibson): Ты ныл же))00
[15:35:10]ADMIN: PM: Tizit/(Alden Gibson)->MasterDares/(Collin Simpson): У ВАС Я НЕ РАБОТАЕТ
[15:35:16]ADMIN: PM: MasterDares/(Collin Simpson)->Tizit/(Alden Gibson): Опа
[15:35:19]ADMIN: HELP: MasterDares/(Collin Simpson): &#255;&#255;&#255;&#255; - heard by 3 non-AFK admins.
[15:35:20]ADMIN: PM: Tizit/(Alden Gibson)->MasterDares/(Collin Simpson): Collin Simpson
[15:35:22]ADMIN: PM: MasterDares/(Collin Simpson)->MasterDares/(Collin Simpson): &#255;&#255;&#255;
[15:35:26]ADMIN: PM: MasterDares/(Collin Simpson)->Tizit/(Alden Gibson): &#255;&#255;&#255;
[15:35:29]ADMIN: PM: Tizit/(Alden Gibson)->MasterDares/(Collin Simpson): пидр
[15:36:17]ADMIN: EgorkillerUA/(Micheal Vanleer) jumped to Den19ua/(Tyson Shafer)
[15:48:28]ADMIN: HELP: The Sarkazmus/(Yachakachihaki): Короче, иде&#255;, отр&#255;д зачистки синдиката. - heard by 3 non-AFK admins.
[15:48:37]ADMIN: PM: MasterDares/(Collin Simpson)->The Sarkazmus/(Yachakachihaki): Лучше ЕРТ.
[15:49:00]ADMIN: PM: The Sarkazmus/(Yachakachihaki)->MasterDares/(Collin Simpson): Не, отр&amp;#255;д ОТ синдиката, который будет зачищать станцию и спасать зафейлившегос&amp;#255; агента.
[15:49:24]ADMIN: PM: MasterDares/(Collin Simpson)->The Sarkazmus/(Yachakachihaki): Пиздец. Ебуча&#255; &#34;&#255;&#34;.
[15:49:31]ADMIN: PM: MasterDares/(Collin Simpson)->The Sarkazmus/(Yachakachihaki): Оп&#255;ть ее чистить.
[15:51:03]ADMIN: HELP: The Sarkazmus/(Yachakachihaki): Отр&#255;д зачистки от синдиката жи, будет спасать агента. - heard by 2 non-AFK admins.
[15:51:23]ADMIN: HELP: The Sarkazmus/(Yachakachihaki): Агент попыталс&#255; св&#255;затьс&#255;. - heard by 2 non-AFK admins.
[15:51:50]ADMIN: HELP: The Sarkazmus/(Yachakachihaki): Tyson Shafer says, &#34;ЭТО АГЕНТ 628 БРАВО, Я В ДЕРЬМЕ, ВЫШЛИТЕ ЧЕРТОВ ОТРЯД МНЕ НА ПОМОЩЬ&#34; - heard by 2 non-AFK admins.
[15:51:51]ADMIN: PM: MasterDares/(Collin Simpson)->The Sarkazmus/(Yachakachihaki): Если пилить отр&#255;д, то из кого?
[15:51:59]ADMIN: HELP: The Sarkazmus/(Yachakachihaki): Хз из гостоты - heard by 2 non-AFK admins.
[15:52:17]ADMIN: PM: Den19ua/(Tyson Shafer)->The Sarkazmus/(Yachakachihaki): Есть один мертвый и два обзерва же
[15:52:45]ADMIN: MasterDares/(Collin Simpson) used Dispatch Response Team.
[15:54:37]ADMIN: HELP: Maxwell_Stark/(Maxwell J. Stark): Кил ми - heard by 2 non-AFK admins.
[15:54:47]ADMIN: HELP: Maxwell_Stark/(Maxwell J. Stark): Если суицид, то смогу за ЕРТ? - heard by 2 non-AFK admins.
[15:54:56]ADMIN: @MasterDares/(Collin Simpson) jumped to Maxwell_Stark/(Maxwell J. Stark)
[15:55:01]ADMIN: HELP: Maxwell_Stark/(Maxwell J. Stark): Бл&#255; кил ми - heard by 2 non-AFK admins.
[15:55:12]ADMIN: MasterDares/(Collin Simpson) jumped to the Centcom Special Ops
[15:55:49]ADMIN: HELP: Maxwell_Stark/(Maxwell J. Stark): Я хочу - heard by 2 non-AFK admins.
[15:55:51]ADMIN: MasterDares/(Collin Simpson) teleported Maxwell_Stark/(Maxwell J. Stark)
[15:55:57]ADMIN: HELP: Den19ua/(Tyson Shafer): Лучше бы отр&#255;д дл&#255; моего спасени&#255; выслали, епта - heard by 2 non-AFK admins.
[15:55:58]ADMIN: HELP: Maxwell_Stark/(Maxwell J. Stark): Кил ми - heard by 2 non-AFK admins.
[15:56:00]ADMIN: PM: MasterDares/(Collin Simpson)->Maxwell_Stark/(Maxwell J. Stark): Лал
[15:56:05]ADMIN: MasterDares/(Collin Simpson) jumped to Maxwell_Stark/(Maxwell J. Stark)
[15:56:09]ADMIN: HELP: Maxwell_Stark/(Maxwell J. Stark): Сука &#255; умру, только не скоро - heard by 2 non-AFK admins.
[15:56:15]ADMIN: HELP: Maxwell_Stark/(Maxwell J. Stark): От голода помираю - heard by 2 non-AFK admins.
[15:56:19]ADMIN: HELP: Maxwell_Stark/(Maxwell J. Stark): Кил ми ебыч - heard by 2 non-AFK admins.
[15:56:25]ADMIN: MasterDares/(Collin Simpson) modified Maxwell J. Stark's real_name to ASS
[15:56:31]ADMIN: MasterDares/(Collin Simpson) deleted ASS (as Maxwell J. Stark) at (119,110,2)
[15:56:42]ADMIN: MasterDares/(Collin Simpson) has used rudimentary transformation on Maxwell_Stark/(Maxwell J. Stark). Transforming to human; deletemob=1
[15:57:22]ADMIN: MasterDares/(Collin Simpson) modified ASS's ckey to maxwellstark
[15:57:35]ADMIN: MasterDares/(Collin Simpson) changed the equipment of maxwellstark/(ASS) to special ops officer.
[15:57:45]ADMIN: MasterDares/(Collin Simpson) changed the equipment of maxwellstark/(ASS) to emergency rescue team.
[15:59:18]ADMIN: MasterDares/(Collin Simpson) modified ASS's ID Card's assignment to Emergency Response Team
[15:59:49]ADMIN: PM: Den19ua/(Tyson Shafer)->MasterDares/(Collin Simpson): Бло, так это ЕРТ, или команда дл&#255; спасени&#255; мен&#255;?
[15:59:57]ADMIN: PM: MasterDares/(Collin Simpson)->Den19ua/(Tyson Shafer): ЕРТ ти
[16:00:04]ADMIN: PM: MasterDares/(Collin Simpson)->Den19ua/(Tyson Shafer): Ты то что?
[16:00:13]ADMIN: PM: MasterDares/(Collin Simpson)->Den19ua/(Tyson Shafer): У нас света нету, а он о себе думает.
[16:00:21]ADMIN: PM: Den19ua/(Tyson Shafer)->MasterDares/(Collin Simpson): Лол, ну так
[16:00:36]ADMIN: PM: MasterDares/(Collin Simpson)->Maxwell_Stark/(ASS): Пс
[16:00:39]ADMIN: PM: MasterDares/(Collin Simpson)->Maxwell_Stark/(ASS): Стой
[16:00:44]ADMIN: HELP: Maxwell_Stark/(ASS): стою - heard by 2 non-AFK admins.
[16:01:22]ADMIN: HELP: Maxwell_Stark/(ASS): будет еще кто? - heard by 2 non-AFK admins.
[16:01:24]ADMIN: HELP: Maxwell_Stark/(ASS): Хули &#255; один - heard by 2 non-AFK admins.
[16:01:24]ADMIN: MasterDares/(Collin Simpson) jumped to maxwellstark/(ASS)
[16:01:31]ADMIN: MasterDares/(Collin Simpson) created a /obj/item/weapon/implant/loyalty
[16:01:41]ADMIN: HELP: Maxwell_Stark/(ASS): Слух, щитспань мне дл&#255; инструментов по&#255;с - heard by 2 non-AFK admins.
[16:01:41]ADMIN: MasterDares/(Collin Simpson) deleted the loyalty at (121,111,2)
[16:01:53]ADMIN: MasterDares/(Collin Simpson) created a /obj/item/weapon/implanter/loyalty
[16:02:10]ADMIN: MasterDares/(Collin Simpson) teleported maxwellstark/(ASS)
[16:02:32]ADMIN: MasterDares/(Collin Simpson) created a /obj/item/weapon/storage/belt/utility/full
[16:02:59]ADMIN: MasterDares/(Collin Simpson) teleported maxwellstark/(ASS)
[16:03:16]ADMIN: PM: MasterDares/(Collin Simpson)->Maxwell_Stark/(ASS): poyas
[16:03:29]ADMIN: MasterDares/(Collin Simpson) deleted Ready Room at (108,118,2)
[16:03:46]ADMIN: MasterDares/(Collin Simpson) teleported maxwellstark/(ASS)
[16:03:49]ADMIN: MasterDares/(Collin Simpson) teleported maxwellstark/(ASS)
[16:04:54]ADMIN: HELP: Maxwell_Stark/(ASS): Бл&#255; дарес - heard by 2 non-AFK admins.
[16:05:01]ADMIN: HELP: Maxwell_Stark/(ASS): Не роботоит шаттл - heard by 2 non-AFK admins.
[16:05:05]ADMIN: MasterDares/(Collin Simpson) jumped to maxwellstark/(ASS)
[16:05:15]ADMIN: PM: MasterDares/(Collin Simpson)->Maxwell_Stark/(ASS): Ду ит
[16:05:20]ADMIN: HELP: Maxwell_Stark/(ASS): че - heard by 2 non-AFK admins.
[16:05:27]ADMIN: HELP: Maxwell_Stark/(ASS): The strike team has not yet deployed. - heard by 2 non-AFK admins.
[16:05:39]ADMIN: PM: MasterDares/(Collin Simpson)->Maxwell_Stark/(ASS): Пиздец
[16:05:40]ADMIN: @MasterDares/(Collin Simpson) jumped to maxwellstark/(ASS)
[16:05:49]ADMIN: MasterDares/(Collin Simpson) teleported maxwellstark/(ASS)
[16:06:00]ADMIN: PM: MasterDares/(Collin Simpson)->Maxwell_Stark/(ASS): Жди
[16:06:03]ADMIN: HELP: Maxwell_Stark/(ASS): телепорт ми короче - heard by 2 non-AFK admins.
[16:06:29]ADMIN: MasterDares/(Collin Simpson) teleported maxwellstark/(ASS)
[16:06:31]ADMIN: MasterDares/(Collin Simpson) moved the centcom ferry
[16:06:31]ADMIN: MasterDares/(Collin Simpson) used secret moveferry
[16:06:59]ADMIN: ASS/(maxwellstark) closed the open  firelock at <A HREF='?_src_=holder;adminplayerobservecoodjump=1;X=61;Y=140;Z=1'>Arrival Shuttle Hallway - 61,140,1</a>
[16:07:14]ADMIN: ASS/(maxwellstark) closed the open and alarming firelock at <A HREF='?_src_=holder;adminplayerobservecoodjump=1;X=63;Y=140;Z=1'>Port Primary Hallway - 63,140,1</a>
[16:07:32]ADMIN: ASS/(maxwellstark) closed the open and alarming firelock at <A HREF='?_src_=holder;adminplayerobservecoodjump=1;X=77;Y=140;Z=1'>Port Primary Hallway - 77,140,1</a>
[16:07:44]ADMIN: ASS/(maxwellstark) closed the open and alarming firelock at <A HREF='?_src_=holder;adminplayerobservecoodjump=1;X=93;Y=140;Z=1'>Port Primary Hallway - 93,140,1</a>
[16:07:48]ADMIN: ASS/(maxwellstark) closed the open  firelock at <A HREF='?_src_=holder;adminplayerobservecoodjump=1;X=95;Y=140;Z=1'>Central Primary Hallway - 95,140,1</a>
[16:07:59]ADMIN: HELP: Maxwell_Stark/(ASS): ЛЕГКИЕ ПОРВАЛО - heard by 2 non-AFK admins.
[16:08:45]ADMIN: HELP: Maxwell_Stark/(ASS): Бл&#255;ть хил ми, мен&#255; это РАЗРЫВАНИЕ ЛЕГКИХ невъебенно бесит - heard by 2 non-AFK admins.
[16:08:50]ADMIN: @MasterDares/(Collin Simpson) jumped to maxwellstark/(ASS)
[16:23:27]ADMIN: HELP: Maxwell_Stark/(ASS): Хил ебыч - heard by 2 non-AFK admins.
[16:24:12]ADMIN: HELP: Maxwell_Stark/(ASS): ХИЛ БЛЯЯФЯ - heard by 2 non-AFK admins.
[16:26:20]ADMIN: HELP: Maxwell_Stark/(ASS): Почему у мен&#255; ордер айтемс не работает? - heard by 2 non-AFK admins.
[16:29:08]ADMIN: HELP: Maxwell_Stark/(ASS): сука хил это говнол - heard by 2 non-AFK admins.
[16:29:12]ADMIN: HELP: Maxwell_Stark/(ASS): бесит пиздос - heard by 2 non-AFK admins.
[16:31:45]ADMIN: Den19ua/(Tyson Shafer) initiated a reboot.
---------------------
[16:32:17]WORLD: starting up...
[16:32:17]ADMIN: Loading Banlistjob
[16:32:17]ADMIN: Loading jobban_rank
[16:32:17]ADMIN: jobban_keylist was empty
[16:32:17]ADMIN: Updating jobbanfile!
[16:32:17]ADMIN: Loading appearance_rank
[16:32:17]ADMIN: appearance_keylist was empty
[16:32:17]ADMIN: Loading Banlist
[16:40:03]ADMIN: Yaroslav Leonov(johngrammaticus) connected a canister that contains [Toxins ] to a connector_port at 194, 109, 1
[16:40:05]ADMIN: Yaroslav Leonov(johngrammaticus) connected a canister that contains [Toxins ] to a connector_port at 196, 109, 1
[16:41:04]ADMIN: Yaroslav Leonov(johngrammaticus) connected a canister that contains [Toxins ] to a connector_port at 196, 109, 1
[16:41:20]ADMIN: Yaroslav Leonov(johngrammaticus) connected a canister that contains [Toxins ] to a connector_port at 196, 104, 1
[16:41:57]ADMIN: Yaroslav Leonov(johngrammaticus) connected a canister that contains [Toxins ] to a connector_port at 196, 102, 1
[16:43:47]ADMIN: Yaroslav Leonov(johngrammaticus) connected a canister that contains [Toxins ] to a connector_port at 196, 102, 1
[16:47:43]ADMIN: New singularity made. Last touched by .
[17:02:11]ADMIN: ATTACK: Braydon Woodward (den19ua) primed a grenade.
[17:19:29]ADMIN: Braydon Woodward/(den19ua) closed the open  firelock at <A HREF='?_src_=holder;adminplayerobservecoodjump=1;X=124;Y=147;Z=1'>Dormitory Toilets - 124,147,1</a>
[17:35:37]ADMIN: Freckle/(ucnahez) closed the open and alarming firelock at <A HREF='?_src_=holder;adminplayerobservecoodjump=1;X=112;Y=161;Z=1'>Fore Primary Hallway - 112,161,1</a>
[17:35:46]ADMIN: Freckle/(ucnahez) closed the open and alarming firelock at <A HREF='?_src_=holder;adminplayerobservecoodjump=1;X=114;Y=159;Z=1'>Fore Primary Hallway - 114,159,1</a>
[17:35:51]ADMIN: Freckle/(ucnahez) closed the open and alarming firelock at <A HREF='?_src_=holder;adminplayerobservecoodjump=1;X=113;Y=147;Z=1'>Fore Primary Hallway - 113,147,1</a>
[17:35:54]ADMIN: Freckle/(ucnahez) closed the open  firelock at <A HREF='?_src_=holder;adminplayerobservecoodjump=1;X=113;Y=145;Z=1'>Central Primary Hallway - 113,145,1</a>
[17:56:55]ADMIN: Yatichachikayatiyaya/(thesarkazmus) opened the closed  firelock at <A HREF='?_src_=holder;adminplayerobservecoodjump=1;X=101;Y=134;Z=1'>Central Primary Hallway - 101,134,1</a>
[17:56:57]ADMIN: Yatichachikayatiyaya/(thesarkazmus) closed the open  firelock at <A HREF='?_src_=holder;adminplayerobservecoodjump=1;X=101;Y=134;Z=1'>Central Primary Hallway - 101,134,1</a>
[17:57:56]ADMIN: Uncle Nurgle/(Allisa Fletcher) made all areas powered
---------------------
[19:16:28]WORLD: starting up...
[19:16:28]ADMIN: Loading Banlistjob
[19:16:28]ADMIN: Loading jobban_rank
[19:16:28]ADMIN: jobban_keylist was empty
[19:16:28]ADMIN: Updating jobbanfile!
[19:16:28]ADMIN: Loading appearance_rank
[19:16:28]ADMIN: appearance_keylist was empty
[19:16:28]ADMIN: Loading Banlist
---------------------
[19:26:23]WORLD: starting up...
[19:26:23]ADMIN: Loading Banlistjob
[19:26:23]ADMIN: Loading jobban_rank
[19:26:23]ADMIN: jobban_keylist was empty
[19:26:23]ADMIN: Updating jobbanfile!
[19:26:23]ADMIN: Loading appearance_rank
[19:26:23]ADMIN: appearance_keylist was empty
[19:26:23]ADMIN: Loading Banlist
---------------------
[20:45:00]WORLD: starting up...
[20:45:00]ADMIN: Loading Banlistjob
[20:45:00]ADMIN: Loading jobban_rank
[20:45:00]ADMIN: jobban_keylist was empty
[20:45:00]ADMIN: Updating jobbanfile!
[20:45:00]ADMIN: Loading appearance_rank
[20:45:00]ADMIN: appearance_keylist was empty
[20:45:00]ADMIN: Loading Banlist
---------------------
[21:02:56]WORLD: starting up...
[21:02:56]ADMIN: Loading Banlistjob
[21:02:56]ADMIN: Loading jobban_rank
[21:02:56]ADMIN: jobban_keylist was empty
[21:02:56]ADMIN: Updating jobbanfile!
[21:02:56]ADMIN: Loading appearance_rank
[21:02:56]ADMIN: appearance_keylist was empty
[21:02:56]ADMIN: Loading Banlist
---------------------
[21:28:15]WORLD: starting up...
[21:28:15]ADMIN: Loading Banlistjob
[21:28:15]ADMIN: Loading jobban_rank
[21:28:15]ADMIN: jobban_keylist was empty
[21:28:15]ADMIN: Updating jobbanfile!
[21:28:15]ADMIN: Loading appearance_rank
[21:28:15]ADMIN: appearance_keylist was empty
[21:28:15]ADMIN: Loading Banlist
---------------------
[22:18:55]WORLD: starting up...
[22:18:55]ADMIN: Loading Banlistjob
[22:18:55]ADMIN: Loading jobban_rank
[22:18:55]ADMIN: jobban_keylist was empty
[22:18:55]ADMIN: Updating jobbanfile!
[22:18:55]ADMIN: Loading appearance_rank
[22:18:55]ADMIN: appearance_keylist was empty
[22:18:55]ADMIN: Loading Banlist
---------------------
[22:22:44]WORLD: starting up...
[22:22:44]ADMIN: Loading Banlistjob
[22:22:44]ADMIN: Loading jobban_rank
[22:22:44]ADMIN: jobban_keylist was empty
[22:22:44]ADMIN: Updating jobbanfile!
[22:22:44]ADMIN: Loading appearance_rank
[22:22:44]ADMIN: appearance_keylist was empty
[22:22:44]ADMIN: Loading Banlist
---------------------
[22:26:02]WORLD: starting up...
[22:26:02]ADMIN: Loading Banlistjob
[22:26:02]ADMIN: Loading jobban_rank
[22:26:02]ADMIN: jobban_keylist was empty
[22:26:02]ADMIN: Updating jobbanfile!
[22:26:02]ADMIN: Loading appearance_rank
[22:26:02]ADMIN: appearance_keylist was empty
[22:26:02]ADMIN: Loading Banlist
---------------------
[22:35:20]WORLD: starting up...
[22:35:20]ADMIN: Loading Banlistjob
[22:35:20]ADMIN: Loading jobban_rank
[22:35:20]ADMIN: jobban_keylist was empty
[22:35:20]ADMIN: Updating jobbanfile!
[22:35:20]ADMIN: Loading appearance_rank
[22:35:20]ADMIN: appearance_keylist was empty
[22:35:20]ADMIN: Loading Banlist
[22:39:03]ADMIN: Den19ua has started the game.
[22:39:12]ADMIN: Den19ua has started the game.
[22:39:25]ADMIN: Den19ua/(Den19ua) set the mode as secret.
[22:39:29]ADMIN: Den19ua/(Den19ua) set the mode as random.
[22:39:32]ADMIN: Den19ua/(Den19ua) set the mode as random.
[22:39:38]ADMIN: Den19ua/(Den19ua) set the mode as secret.
[22:39:43]ADMIN: Den19ua has started the game.
[22:39:55]ADMIN: Den19ua/(Den19ua) set the mode as sandbox.
[22:39:57]ADMIN: Den19ua has started the game.
---------------------
[22:50:26]WORLD: starting up...
[22:50:27]ADMIN: Loading Banlistjob
[22:50:27]ADMIN: Loading jobban_rank
[22:50:27]ADMIN: jobban_keylist was empty
[22:50:27]ADMIN: Updating jobbanfile!
[22:50:27]ADMIN: Loading appearance_rank
[22:50:27]ADMIN: appearance_keylist was empty
[22:50:27]ADMIN: Loading Banlist
[22:51:48]ADMIN: Den19ua has started the game.
---------------------
[22:56:32]WORLD: starting up...
[22:56:32]ADMIN: Loading Banlistjob
[22:56:32]ADMIN: Loading jobban_rank
[22:56:32]ADMIN: jobban_keylist was empty
[22:56:32]ADMIN: Updating jobbanfile!
[22:56:32]ADMIN: Loading appearance_rank
[22:56:32]ADMIN: appearance_keylist was empty
[22:56:32]ADMIN: Loading Banlist
[22:57:52]ADMIN: Den19ua has started the game.
[23:00:48]ADMIN: HELP: Den19ua/(Hail Satan): Привет - heard by 1 non-AFK admins.
[23:00:55]ADMIN: HELP: Den19ua/(Hail Satan): Ахелп тест епта бл&#255; - heard by 1 non-AFK admins.
