---------------------
[00:52:02]WORLD: starting up...
[00:52:02]ADMIN: Loading Banlistjob
[00:52:02]ADMIN: Loading jobban_rank
[00:52:02]ADMIN: jobban_keylist was empty
[00:52:02]ADMIN: Updating jobbanfile!
[00:52:02]ADMIN: Loading appearance_rank
[00:52:02]ADMIN: appearance_keylist was empty
[00:52:02]ADMIN: Loading Banlist
[00:59:15]ADMIN: Den19ua has started the game.
[00:59:19]ADMIN: HELP: Den19ua/(Hail Satan): <b><font color=red>HELP: </font><a href='?priv_msg=[0x5000000]'>Den19ua</a>/(Hail Satan) (<A HREF='?_src_=holder;adminmoreinfo=[0x3000039]'>?</A>) (<A HREF='?_src_=holder;adminplayeropts=[0x3000039]'>PP</A>) (<A HREF='?_src_=vars;Vars=[0x3000039]'>VV</A>) (<A HREF='?_src_=holder;subtlemessage=[0x3000039]'>SM</A>) (<A HREF='?_src_=holder;adminplayerobservejump=[0x3000039]'>JMP</A>) (<A HREF='?_src_=holder;secretsadmin=check_antagonist'>CA</A>):</b> Тест - heard by 1 non-AFK admins who have +BAN.
[00:59:21]ADMIN: HELP: Den19ua/(Hail Satan): <b><font color=red>HELP: </font><a href='?priv_msg=[0x5000000]'>Den19ua</a>/(Hail Satan) (<A HREF='?_src_=holder;adminmoreinfo=[0x3000039]'>?</A>) (<A HREF='?_src_=holder;adminplayeropts=[0x3000039]'>PP</A>) (<A HREF='?_src_=vars;Vars=[0x3000039]'>VV</A>) (<A HREF='?_src_=holder;subtlemessage=[0x3000039]'>SM</A>) (<A HREF='?_src_=holder;adminplayerobservejump=[0x3000039]'>JMP</A>) (<A HREF='?_src_=holder;secretsadmin=check_antagonist'>CA</A>):</b> ОООО - heard by 1 non-AFK admins who have +BAN.
[00:59:22]ADMIN: HELP: Den19ua/(Hail Satan): <b><font color=red>HELP: </font><a href='?priv_msg=[0x5000000]'>Den19ua</a>/(Hail Satan) (<A HREF='?_src_=holder;adminmoreinfo=[0x3000039]'>?</A>) (<A HREF='?_src_=holder;adminplayeropts=[0x3000039]'>PP</A>) (<A HREF='?_src_=vars;Vars=[0x3000039]'>VV</A>) (<A HREF='?_src_=holder;subtlemessage=[0x3000039]'>SM</A>) (<A HREF='?_src_=holder;adminplayerobservejump=[0x3000039]'>JMP</A>) (<A HREF='?_src_=holder;secretsadmin=check_antagonist'>CA</A>):</b> &#255; - heard by 1 non-AFK admins who have +BAN.
[00:59:24]ADMIN: HELP: Den19ua/(Hail Satan): <b><font color=red>HELP: </font><a href='?priv_msg=[0x5000000]'>Den19ua</a>/(Hail Satan) (<A HREF='?_src_=holder;adminmoreinfo=[0x3000039]'>?</A>) (<A HREF='?_src_=holder;adminplayeropts=[0x3000039]'>PP</A>) (<A HREF='?_src_=vars;Vars=[0x3000039]'>VV</A>) (<A HREF='?_src_=holder;subtlemessage=[0x3000039]'>SM</A>) (<A HREF='?_src_=holder;adminplayerobservejump=[0x3000039]'>JMP</A>) (<A HREF='?_src_=holder;secretsadmin=check_antagonist'>CA</A>):</b> &#255;&#255;&#255;ЯЯЯ - heard by 1 non-AFK admins who have +BAN.
---------------------
[13:42:42]WORLD: starting up...
[13:42:42]ADMIN: Loading Banlistjob
[13:42:42]ADMIN: Loading jobban_rank
[13:42:42]ADMIN: jobban_keylist was empty
[13:42:42]ADMIN: Updating jobbanfile!
[13:42:42]ADMIN: Loading appearance_rank
[13:42:42]ADMIN: appearance_keylist was empty
[13:42:42]ADMIN: Loading Banlist
[13:44:06]ADMIN: HELP: MasterDares/(MasterDares): <b><font color=red>HELP: </font><a href='?priv_msg=[0x5000001]'>MasterDares</a>/(MasterDares) (<A HREF='?_src_=holder;adminmoreinfo=[0x300003a]'>?</A>) (<A HREF='?_src_=holder;adminplayeropts=[0x300003a]'>PP</A>) (<A HREF='?_src_=vars;Vars=[0x300003a]'>VV</A>) (<A HREF='?_src_=holder;subtlemessage=[0x300003a]'>SM</A>) (<A HREF='?_src_=holder;adminplayerobservejump=[0x300003a]'>JMP</A>) (<A HREF='?_src_=holder;secretsadmin=check_antagonist'>CA</A>):</b> ПС - heard by 2 non-AFK admins who have +BAN.
[13:44:13]ADMIN: HELP: MasterDares/(MasterDares): <b><font color=red>HELP: </font><a href='?priv_msg=[0x5000001]'>MasterDares</a>/(MasterDares) (<A HREF='?_src_=holder;adminmoreinfo=[0x300003a]'>?</A>) (<A HREF='?_src_=holder;adminplayeropts=[0x300003a]'>PP</A>) (<A HREF='?_src_=vars;Vars=[0x300003a]'>VV</A>) (<A HREF='?_src_=holder;subtlemessage=[0x300003a]'>SM</A>) (<A HREF='?_src_=holder;adminplayerobservejump=[0x300003a]'>JMP</A>) (<A HREF='?_src_=holder;secretsadmin=check_antagonist'>CA</A>):</b> &#255;&#255;&#255;&#255; - heard by 2 non-AFK admins who have +BAN.
[13:44:16]ADMIN: PM: MasterDares/(MasterDares)->MasterDares/(MasterDares): &#255;&#255;&#255;
[13:44:17]ADMIN: PM: Den19ua/(Den19ua)->MasterDares/(MasterDares): Да, все заебись, работает
[13:45:21]ADMIN: MasterDares/(MasterDares) delayed the game.
[13:45:57]ADMIN: MasterDares/(MasterDares) set the mode as secret.
[13:46:00]ADMIN: MasterDares/(MasterDares) set the mode as autotraitor.
[13:48:40]ADMIN: MasterDares/(MasterDares) removed the delay.
---------------------
[14:14:21]WORLD: starting up...
[14:14:21]ADMIN: Loading Banlistjob
[14:14:21]ADMIN: Loading jobban_rank
[14:14:21]ADMIN: jobban_keylist was empty
[14:14:21]ADMIN: Updating jobbanfile!
[14:14:21]ADMIN: Loading appearance_rank
[14:14:21]ADMIN: appearance_keylist was empty
[14:14:21]ADMIN: Loading Banlist
[14:16:03]ADMIN: HELP: MasterDares/(MasterDares): <b><font color=red>HELP: </font><a href='?priv_msg=[0x5000001]'>MasterDares</a>/(MasterDares) (<A HREF='?_src_=holder;adminmoreinfo=[0x3000045]'>?</A>) (<A HREF='?_src_=holder;adminplayeropts=[0x3000045]'>PP</A>) (<A HREF='?_src_=vars;Vars=[0x3000045]'>VV</A>) (<A HREF='?_src_=holder;subtlemessage=[0x3000045]'>SM</A>) (<A HREF='?_src_=holder;adminplayerobservejump=[0x3000045]'>JMP</A>) (<A HREF='?_src_=holder;secretsadmin=check_antagonist'>CA</A>):</b> &#255;&#255;&#255; - heard by 2 non-AFK admins who have +BAN.
[14:16:12]ADMIN: Den19ua has started the game.
[14:16:53]ADMIN: GlobalNarrate: MasterDares/(MasterDares) : [14:16:56]ADMIN: GlobalNarrate: MasterDares/(MasterDares) : Бл[14:17:05]ADMIN: GlobalNarrate: MasterDares/(MasterDares) : Ну и ладно, не фатально
[14:17:18]ADMIN: GlobalNarrate: MasterDares/(MasterDares) : И на анибее не работало
[14:17:28]ADMIN: Den19ua has started the game.
[14:18:25]ADMIN: Den19ua has started the game.
[14:20:03]ADMIN: Den19ua/(Cooper Nash) deleted Bridge at (102,134,1)
[14:20:07]ADMIN: Den19ua/(Cooper Nash) deleted Bridge at (104,134,1)
[14:20:12]ADMIN: Den19ua/(Cooper Nash) deleted Captain's Office at (120,132,1)
[14:20:23]ADMIN: Den19ua/(Cooper Nash) deleted the wooden table at (121,127,1)
[14:22:12]ADMIN: Announce: MasterDares/(Evan Hegarty) : Я
[14:22:30]ADMIN: MasterDares/(Evan Hegarty) has created a command report: Я

[14:25:03]ADMIN: masterdares has banned sovonbe.
Reason: ПИТУХ
This will be removed in 1 minutes.
[14:25:47]ADMIN: Den19ua/(Cooper Nash) deleted the reinforced wall at (48,123,1)
[14:26:13]ADMIN: Captain/(den19ua) closed the open  firelock at <A HREF='?_src_=holder;adminplayerobservecoodjump=1;X=58;Y=136;Z=1'>Vacant Office - 58,136,1</a>
[14:26:17]ADMIN: Captain/(den19ua) closed the open and alarming firelock at <A HREF='?_src_=holder;adminplayerobservecoodjump=1;X=61;Y=142;Z=1'>Arrival Shuttle Hallway - 61,142,1</a>
[14:26:39]ADMIN: <a href='?priv_msg=[0x5000001]'>MasterDares</a>/(Evan Hegarty) unbanned sovonbe
[14:27:46]ADMIN: MasterDares/(Evan Hegarty) perma-banned Sovonbe/(Sovonbe) from Chief Engineer
[14:27:46]ADMIN: MasterDares/(Evan Hegarty) perma-banned Sovonbe/(Sovonbe) from Station Engineer
[14:27:46]ADMIN: MasterDares/(Evan Hegarty) perma-banned Sovonbe/(Sovonbe) from Atmospheric Technician
[14:27:46]ADMIN: MasterDares/(Evan Hegarty) perma-banned Sovonbe/(Sovonbe) from Mechanic
[14:27:46]ADMIN: *null* has edited sovonbe's notes.
[14:27:57]ADMIN: masterdares has banned sovonbe.
Reason: Griefer
This will be removed in 1440 minutes.
---------------------
[14:30:14]WORLD: starting up...
[14:30:14]ADMIN: Loading Banlistjob
[14:30:14]ADMIN: Loading jobban_rank
[14:30:14]ADMIN: Updating jobbanfile!
[14:30:14]ADMIN: Loading appearance_rank
[14:30:14]ADMIN: appearance_keylist was empty
[14:30:14]ADMIN: Loading Banlist
---------------------
[14:35:50]WORLD: starting up...
[14:35:50]ADMIN: Loading Banlistjob
[14:35:50]ADMIN: Loading jobban_rank
[14:35:50]ADMIN: Updating jobbanfile!
[14:35:50]ADMIN: Loading appearance_rank
[14:35:50]ADMIN: appearance_keylist was empty
[14:35:50]ADMIN: Loading Banlist
[14:38:07]ADMIN: <a href='?priv_msg=[0x5000000]'>Den19ua</a>/(Den19ua) unbanned sovonbe
---------------------
[14:43:37]WORLD: starting up...
[14:43:37]ADMIN: Loading Banlistjob
[14:43:37]ADMIN: Loading jobban_rank
[14:43:37]ADMIN: Updating jobbanfile!
[14:43:37]ADMIN: Loading appearance_rank
[14:43:37]ADMIN: appearance_keylist was empty
[14:43:37]ADMIN: Loading Banlist
[14:47:36]ADMIN: Den19ua/(Den19ua) set the mode as sandbox.
[14:47:41]ADMIN: Den19ua has started the game.
[14:48:58]ADMIN: Den19ua deadmined themself.
---------------------
[15:36:34]WORLD: starting up...
[15:36:34]ADMIN: Loading Banlistjob
[15:36:34]ADMIN: Loading jobban_rank
[15:36:34]ADMIN: Updating jobbanfile!
[15:36:34]ADMIN: Loading appearance_rank
[15:36:34]ADMIN: appearance_keylist was empty
[15:36:34]ADMIN: Loading Banlist
[15:38:25]ADMIN: MasterDares/(MasterDares) has created a command report: TI CHE ЯЯ&#255;&#255;&#255;&#255;&#255;&#255;&#255;#
[15:38:31]ADMIN: MasterDares has started the game.
[15:39:26]ADMIN: MasterDares/(Khalil Reade) has created a command report: &#255;&#255;&#255;&#255;&#255;&#255;&#255;&#255;&#255;&#255;
[15:40:19]ADMIN: GlobalNarrate: MasterDares/(Khalil Reade) : &#255;&#255;&#255;&#255;&#255;&#255;&#255;
[15:40:30]ADMIN: SubtlePM: MasterDares/(Khalil Reade) -> MasterDares/(Khalil Reade) : &#255;&#255;&#255;&#255;&#255;&#255;&#255;&#255;&#255;&#255;&#255;
[15:41:28]ADMIN: MasterDares/(Khalil Reade) played sound BOOM.wav
---------------------
[15:45:02]WORLD: starting up...
[15:45:03]ADMIN: Loading Banlistjob
[15:45:03]ADMIN: Loading jobban_rank
[15:45:03]ADMIN: Updating jobbanfile!
[15:45:03]ADMIN: Loading appearance_rank
[15:45:03]ADMIN: appearance_keylist was empty
[15:45:03]ADMIN: Loading Banlist
[15:46:32]ADMIN: MasterDares has started the game.
[15:46:53]ADMIN: MasterDares/(Khalil Reade) has created a command report: &#255;&#255;&#255;&#255;&#255;&#255;&#255;
[15:47:07]ADMIN: GlobalNarrate: MasterDares/(Khalil Reade) : Я&#255;&#255;&#255;&#255;&#255;&#255;&#255;&#255;&#255;&#255;&#255;&#255;
[15:47:17]ADMIN: MasterDares/(Khalil Reade) has created a command report: Я
[15:48:42]ADMIN: Den19ua/(Russel Stone) created a /obj/item/tk_grab
[15:48:48]ADMIN: Den19ua/(Russel Stone) deleted Telekinetic Grab at (112,116,1)
[15:49:18]ADMIN: Den19ua/(Russel Stone) created a /obj/effect/spawner/newbomb/timer
[15:49:19]ADMIN: Den19ua/(Russel Stone) created a /obj/effect/spawner/newbomb/timer
[15:49:20]ADMIN: Den19ua/(Russel Stone) created a /obj/effect/spawner/newbomb/timer
[15:52:50]ADMIN: Den19ua/(Russel Stone) healed / revived Den19ua/(Russel Stone)
[15:53:49]ADMIN: Russel Stone/(den19ua) closed the open and alarming firelock at <A HREF='?_src_=holder;adminplayerobservecoodjump=1;X=113;Y=101;Z=1'>Aft Primary Hallway - 113,101,1</a>
---------------------
[15:59:50]WORLD: starting up...
[15:59:50]ADMIN: Loading Banlistjob
[15:59:50]ADMIN: Loading jobban_rank
[15:59:50]ADMIN: Updating jobbanfile!
[15:59:50]ADMIN: Loading appearance_rank
[15:59:50]ADMIN: appearance_keylist was empty
[15:59:50]ADMIN: Loading Banlist
[16:00:22]ADMIN: Den19ua has started the game.
[16:03:04]ADMIN: Den19ua/(Russel Stone) has created a command report: &#255;&#255;&#255;ЯЯЯ&#255;&#255;&#255;&#255;&#255;&#255;
---------------------
[16:06:33]WORLD: starting up...
[16:06:33]ADMIN: Loading Banlistjob
[16:06:33]ADMIN: Loading jobban_rank
[16:06:33]ADMIN: Updating jobbanfile!
[16:06:33]ADMIN: Loading appearance_rank
[16:06:33]ADMIN: appearance_keylist was empty
[16:06:33]ADMIN: Loading Banlist
[16:09:38]ADMIN: Den19ua has started the game.
[16:09:58]ADMIN: Den19ua/(Russel Stone) has created a command report: ---------------------
[17:45:50]WORLD: starting up...
[17:45:50]ADMIN: Loading Banlistjob
[17:45:50]ADMIN: Loading jobban_rank
[17:45:50]ADMIN: Updating jobbanfile!
[17:45:50]ADMIN: Loading appearance_rank
[17:45:50]ADMIN: appearance_keylist was empty
[17:45:50]ADMIN: Loading Banlist
---------------------
[18:05:02]WORLD: starting up...
[18:05:02]ADMIN: Loading Banlistjob
[18:05:02]ADMIN: Loading jobban_rank
[18:05:02]ADMIN: Updating jobbanfile!
[18:05:02]ADMIN: Loading appearance_rank
[18:05:02]ADMIN: appearance_keylist was empty
[18:05:02]ADMIN: Loading Banlist
[18:06:52]ADMIN: Den19ua has started the game.
---------------------
[18:13:03]WORLD: starting up...
[18:13:03]ADMIN: Loading Banlistjob
[18:13:03]ADMIN: Loading jobban_rank
[18:13:03]ADMIN: Updating jobbanfile!
[18:13:03]ADMIN: Loading appearance_rank
[18:13:03]ADMIN: appearance_keylist was empty
[18:13:03]ADMIN: Loading Banlist
[18:14:32]ADMIN: Den19ua has started the game.
[18:22:53]ADMIN: Den19ua/(Russel Stone) created a /obj/item/weapon/grenade/chem_grenade/large
[18:23:05]ADMIN: Den19ua/(Russel Stone) created a /obj/item/weapon/grenade/chem_grenade/exgrenade
[18:23:17]ADMIN: Den19ua/(Russel Stone) created a /obj/item/weapon/grenade/spawnergrenade
[18:23:20]ADMIN: ATTACK: Russel Stone (den19ua) primed a delivery grenade
[18:23:42]ADMIN: Den19ua/(Russel Stone) created a /obj/item/weapon/grenade
[18:23:45]ADMIN: ATTACK: Russel Stone (den19ua) primed a grenade
[18:24:17]ADMIN: Uncle Nurgle/(Jayne Harshman) set deepFriedEverything to 0.
[18:24:17]ADMIN: Uncle Nurgle/(Jayne Harshman) set foodNesting to 0.
[18:24:17]ADMIN: Uncle Nurgle/(Jayne Harshman) set deepFriedNutriment to 0
[18:24:17]ADMIN: Uncle Nurgle/(Jayne Harshman) set ingredientLimit to 10
---------------------
[18:34:43]WORLD: starting up...
[18:34:43]ADMIN: Loading Banlistjob
[18:34:43]ADMIN: Loading jobban_rank
[18:34:43]ADMIN: Updating jobbanfile!
[18:34:43]ADMIN: Loading appearance_rank
[18:34:43]ADMIN: appearance_keylist was empty
[18:34:43]ADMIN: Loading Banlist
[18:35:48]ADMIN: Den19ua has started the game.
[18:37:35]ADMIN: Den19ua/(Russel Stone) created a /obj/item/tk_grab
[18:37:40]ADMIN: Den19ua/(Russel Stone) deleted Telekinetic Grab at (103,118,1)
[18:39:16]ADMIN: Den19ua/(Russel Stone) created a /obj/item/weapon/gun/energy/laser/pistol
[18:40:00]ADMIN: Den19ua/(Russel Stone) created a /obj/item/weapon/gun/projectile/pistol
[18:40:46]ADMIN: Den19ua/(Russel Stone) created a /obj/item/weapon/gun/projectile/detective
[18:42:47]ADMIN: Den19ua/(Russel Stone) created a /obj/item/ammo_storage/box/c9mm
[18:43:05]ADMIN: Den19ua/(Russel Stone) created a /obj/item/ammo_storage/magazine/mc9mm
[18:43:11]ADMIN: Den19ua/(Russel Stone) created a /obj/item/ammo_storage/magazine/mc9mm
[18:43:11]ADMIN: Den19ua/(Russel Stone) created a /obj/item/ammo_storage/magazine/mc9mm
[18:43:12]ADMIN: Den19ua/(Russel Stone) created a /obj/item/ammo_storage/magazine/mc9mm
[18:44:16]ADMIN: Den19ua/(Russel Stone) healed / revived Den19ua/(Russel Stone)
[18:44:49]ADMIN: Den19ua/(Russel Stone) healed / revived Den19ua/(Russel Stone)
[18:45:18]ADMIN: New singularity made. Last touched by .
[18:45:53]ADMIN: Den19ua/(Russel Stone) deleted Warden's Office at (111,177,1)
[18:45:59]ADMIN: Den19ua/(Russel Stone) deleted Warden's Office at (111,182,1)
[18:46:11]ADMIN: Den19ua/(Russel Stone) deleted Secure Armory at (111,187,1)
[18:49:00]ADMIN: Den19ua/(Russel Stone) edited the admin rank of 2feycot to Host
[19:01:07]ADMIN: Den19ua/(Russel Stone) created a /obj/item/tk_grab
[19:01:12]ADMIN: Den19ua/(Russel Stone) deleted Telekinetic Grab at (119,174,1)
[19:01:26]ADMIN: Den19ua/(Russel Stone) created a /obj/item/ammo_storage/magazine/mc9mm
[19:01:27]ADMIN: Den19ua/(Russel Stone) created a /obj/item/ammo_storage/magazine/mc9mm
[19:01:28]ADMIN: Den19ua/(Russel Stone) created a /obj/item/ammo_storage/magazine/mc9mm
[19:02:58]ADMIN: Den19ua/(Russel Stone) healed / revived Den19ua/(Russel Stone)
[19:04:41]ADMIN: Den19ua/(Russel Stone) healed / revived Den19ua/(Russel Stone)
[19:07:47]ADMIN: Window destroyed by (den19ua) via a bullet! pdiff = 101.279 at the plating!
[19:07:50]ADMIN: Window destroyed by (den19ua) via a bullet! pdiff = 101.28 at the plating!
[19:07:52]ADMIN: Window destroyed by (den19ua) via a bullet! pdiff = 101.28 at the plating!
[19:08:28]ADMIN: Window destroyed by (den19ua) via a bullet! pdiff = 93.1479 at the plating!
[19:08:47]ADMIN: Window with pdiff 98.8749 deanchored by Russel Stone (den19ua) at the plating!
[19:09:02]ADMIN: Russel Stone/(den19ua) closed the open and alarming firelock at <A HREF='?_src_=holder;adminplayerobservecoodjump=1;X=116;Y=177;Z=1'>Security Office - 116,177,1</a>
[19:09:04]ADMIN: Russel Stone/(den19ua) opened the closed and alarming firelock at <A HREF='?_src_=holder;adminplayerobservecoodjump=1;X=116;Y=177;Z=1'>Security Office - 116,177,1</a>
[19:11:41]ADMIN: 2feycot/(Shane Stern) modified Gravitational Singularity's icon to assfemale.png
[19:11:52]ADMIN: 2feycot/(Shane Stern) modified Gravitational Singularity's icon to icons/48x48/pods.dmi
[19:12:05]ADMIN: 2feycot/(Shane Stern) modified Gravitational Singularity's icon to icons/480x480.dmi
[19:12:20]ADMIN: Den19ua/(Russel Stone) jumped to @2feycot/(Shane Stern)
[19:13:21]ADMIN: Den19ua/(Russel Stone) healed / revived Den19ua/(Russel Stone)
[19:13:57]ADMIN: Den19ua/(Russel Stone) jumped to the Abandoned Ship
[19:14:06]ADMIN: Den19ua/(Russel Stone) jumped to the Administration Shuttle Centcom
[19:14:20]ADMIN: Den19ua/(Russel Stone) healed / revived Den19ua/(Russel Stone)
[19:14:33]ADMIN: Den19ua/(Russel Stone) deleted General Access at (106,142,2)
[19:14:50]ADMIN: Den19ua/(Russel Stone) healed / revived Den19ua/(Russel Stone)
[19:14:57]ADMIN: Den19ua/(Russel Stone) healed / revived Den19ua/(Russel Stone)
[19:15:42]ADMIN: Den19ua/(Russel Stone) jumped to the Aft Starboard Solar Array
[19:15:50]ADMIN: Den19ua/(Russel Stone) jumped to the Mech Bay
[19:15:58]ADMIN: Den19ua/(Russel Stone) healed / revived Den19ua/(Russel Stone)
[19:18:22]ADMIN: Den19ua/(Russel Stone) created a /obj/item/ammo_storage/magazine/mc9mm
[19:18:22]ADMIN: Den19ua/(Russel Stone) created a /obj/item/ammo_storage/magazine/mc9mm
[19:18:53]ADMIN: Den19ua/(Russel Stone) healed / revived Den19ua/(Russel Stone)
[19:20:56]ADMIN: Den19ua/(Russel Stone) created a /obj/item/ammo_storage/magazine/mc9mm
[19:20:57]ADMIN: Den19ua/(Russel Stone) created a /obj/item/ammo_storage/magazine/mc9mm
[19:20:57]ADMIN: Den19ua/(Russel Stone) created a /obj/item/ammo_storage/magazine/mc9mm
[19:20:58]ADMIN: Den19ua/(Russel Stone) created a /obj/item/ammo_storage/magazine/mc9mm
[19:20:58]ADMIN: Den19ua/(Russel Stone) created a /obj/item/ammo_storage/magazine/mc9mm
[19:20:59]ADMIN: Den19ua/(Russel Stone) created a /obj/item/ammo_storage/magazine/mc9mm
[19:21:29]ADMIN: Shane Stern(2feycot) connected a canister that contains [Toxins ] to a connector_port at 87, 75, 1
[19:21:43]ADMIN: Shane Stern(2feycot) connected a canister that contains [Toxins ] to a connector_port at 88, 75, 1
[19:23:21]ADMIN: Den19ua/(Russel Stone) created a /obj/item/device/fuse_bomb
[19:24:38]ADMIN: Den19ua/(Russel Stone) created a /obj/effect/spawner/newbomb/timer/syndicate
[19:26:41]ADMIN: Russel Stone/(den19ua) closed the open and alarming firelock at <A HREF='?_src_=holder;adminplayerobservecoodjump=1;X=164;Y=130;Z=1'>Starboard Primary Hallway - 164,130,1</a>
[19:26:45]ADMIN: Russel Stone/(den19ua) opened the closed and alarming firelock at <A HREF='?_src_=holder;adminplayerobservecoodjump=1;X=164;Y=130;Z=1'>Starboard Primary Hallway - 164,130,1</a>
[19:26:51]ADMIN: Russel Stone/(den19ua) closed the open  firelock at <A HREF='?_src_=holder;adminplayerobservecoodjump=1;X=157;Y=131;Z=1'>Hydroponics - 157,131,1</a>
[19:26:56]ADMIN: Russel Stone/(den19ua) opened the closed  firelock at <A HREF='?_src_=holder;adminplayerobservecoodjump=1;X=157;Y=131;Z=1'>Hydroponics - 157,131,1</a>
[19:27:17]ADMIN: Russel Stone/(den19ua) closed the open  firelock at <A HREF='?_src_=holder;adminplayerobservecoodjump=1;X=157;Y=131;Z=1'>Hydroponics - 157,131,1</a>
[19:27:20]ADMIN: Russel Stone/(den19ua) closed the open and alarming firelock at <A HREF='?_src_=holder;adminplayerobservecoodjump=1;X=155;Y=129;Z=1'>Starboard Primary Hallway - 155,129,1</a>
[19:27:23]ADMIN: Russel Stone/(den19ua) closed the open  firelock at <A HREF='?_src_=holder;adminplayerobservecoodjump=1;X=151;Y=132;Z=1'>Kitchen - 151,132,1</a>
[19:27:27]ADMIN: Russel Stone/(den19ua) closed the open  firelock at <A HREF='?_src_=holder;adminplayerobservecoodjump=1;X=149;Y=132;Z=1'>Kitchen - 149,132,1</a>
[19:27:39]ADMIN: Russel Stone/(den19ua) closed the open  firelock at <A HREF='?_src_=holder;adminplayerobservecoodjump=1;X=138;Y=131;Z=1'>Bar - 138,131,1</a>
[19:28:48]ADMIN: Shane Stern(2feycot) connected a canister that contains [Toxins ] to a connector_port at 87, 75, 1
[19:35:35]ADMIN: Den19ua/(Russel Stone) healed / revived Den19ua/(Russel Stone)
[19:35:48]ADMIN: Den19ua/(Russel Stone) healed / revived Den19ua/(Russel Stone)
[19:37:09]ADMIN: Den19ua/(Russel Stone) healed / revived Den19ua/(Russel Stone)
[19:38:10]ADMIN: Den19ua/(Russel Stone) healed / revived Den19ua/(Russel Stone)
[19:38:54]ADMIN: Den19ua/(Russel Stone) healed / revived Den19ua/(Russel Stone)
---------------------
[20:22:17]WORLD: starting up...
[20:22:17]ADMIN: Loading Banlistjob
[20:22:17]ADMIN: Loading jobban_rank
[20:22:17]ADMIN: Updating jobbanfile!
[20:22:17]ADMIN: Loading appearance_rank
[20:22:17]ADMIN: appearance_keylist was empty
[20:22:17]ADMIN: Loading Banlist
[20:24:37]ADMIN: Uncle Nurgle/(Uncle Nurgle) set the mode as extended.
[20:25:28]ADMIN: Uncle Nurgle has started the game.
[20:27:56]ADMIN: Uncle Nurgle/(Allisa Fletcher) created a /obj/item/weapon/storage/box/syndie_kit/flaregun
[20:29:44]ADMIN: Den19ua/(Russel Stone) healed / revived Den19ua/(Russel Stone)
[20:30:33]ADMIN: Uncle Nurgle/(Allisa Fletcher) created a /obj/item/weapon/hatchet/unathiknife
[20:30:46]ADMIN: Uncle Nurgle/(Allisa Fletcher) created a /obj/item/weapon/stock_parts/micro_laser/ultra
[20:31:04]ADMIN: Uncle Nurgle/(Allisa Fletcher) created a /obj/item/weapon/melee/baton/cattleprod
[20:31:12]ADMIN: Uncle Nurgle/(Allisa Fletcher) created a /obj/item/weapon/melee/classic_baton
[20:31:31]ADMIN: Den19ua/(Russel Stone) healed / revived Den19ua/(Russel Stone)
[20:31:40]ADMIN: Uncle Nurgle/(Allisa Fletcher) created a /obj/item/weapon/melee/telebaton
[20:32:49]ADMIN: Den19ua/(Russel Stone) healed / revived Den19ua/(Russel Stone)
[20:32:59]ADMIN: Uncle Nurgle/(Allisa Fletcher) healed / revived Maxwell_Stark/(Carter Bluetenberger)
[20:33:55]ADMIN: Den19ua/(Russel Stone) healed / revived Maxwell_Stark/(Carter Bluetenberger)
[20:34:07]ADMIN: Uncle Nurgle/(Allisa Fletcher) created a /obj/item/weapon/storage/box/syndie_kit/greytide
[20:34:17]ADMIN: Uncle Nurgle/(Allisa Fletcher) created a /obj/item/weapon/storage/box/syndie_kit/boolets
[20:34:50]ADMIN: Den19ua/(Russel Stone) healed / revived Den19ua/(Russel Stone)
[20:35:48]ADMIN: Den19ua/(Russel Stone) healed / revived Maxwell_Stark/(Carter Bluetenberger)
[20:35:54]ADMIN: Uncle Nurgle/(Allisa Fletcher) created a /obj/item/weapon/cell/temperaturegun
[20:36:01]ADMIN: Uncle Nurgle/(Allisa Fletcher) created a /obj/item/weapon/cell/slime
[20:36:23]ADMIN: Uncle Nurgle/(Allisa Fletcher) created a /obj/item/weapon/cloaking_device
[20:36:44]ADMIN: Den19ua/(Russel Stone) healed / revived Maxwell_Stark/(Carter Bluetenberger)
[20:36:49]ADMIN: Uncle Nurgle/(Allisa Fletcher) created a /obj/item/weapon/twohanded/offhand
[20:37:00]ADMIN: Uncle Nurgle/(Allisa Fletcher) created a /obj/item/weapon/twohanded/fireaxe
[20:37:02]ADMIN: Uncle Nurgle/(Allisa Fletcher) created a /obj/item/weapon/twohanded/hfrequency
[20:37:16]ADMIN: Den19ua/(Russel Stone) healed / revived Den19ua/(Russel Stone)
[20:37:34]ADMIN: Den19ua/(Russel Stone) healed / revived Maxwell_Stark/(Carter Bluetenberger)
[20:37:39]ADMIN: Den19ua/(Russel Stone) healed / revived Den19ua/(Russel Stone)
[20:37:44]ADMIN: Uncle Nurgle/(Allisa Fletcher) created a /obj/item/weapon/claymore
[20:37:46]ADMIN: Uncle Nurgle/(Allisa Fletcher) created a /obj/item/weapon/katana
[20:37:49]ADMIN: Den19ua/(Russel Stone) healed / revived Maxwell_Stark/(Carter Bluetenberger)
[20:37:55]ADMIN: Uncle Nurgle/(Allisa Fletcher) created a /obj/item/weapon/grenade/clown_grenade
[20:37:58]ADMIN: ATTACK: Allisa Fletcher (unclenurgle) primed Banana Grenade
[20:38:51]ADMIN: Den19ua/(Russel Stone) healed / revived Maxwell_Stark/(Carter Bluetenberger)
[20:38:54]ADMIN: Uncle Nurgle/(Allisa Fletcher) created a /obj/item/weapon/gun/energy/laser/admin
[20:39:20]ADMIN: Uncle Nurgle/(Allisa Fletcher) created a /obj/item/weapon/gun/energy/laser/LaserAK
[20:39:20]ADMIN: Den19ua/(Russel Stone) healed / revived Den19ua/(Russel Stone)
[20:39:34]ADMIN: Uncle Nurgle/(Allisa Fletcher) created a /obj/item/weapon/gun/energy/lasercannon
[20:39:44]ADMIN: Den19ua/(Russel Stone) healed / revived Maxwell_Stark/(Carter Bluetenberger)
[20:39:48]ADMIN: Uncle Nurgle/(Allisa Fletcher) created a /obj/item/weapon/gun/energy/plasma/pistol
[20:39:52]ADMIN: Uncle Nurgle/(Allisa Fletcher) created a /obj/item/weapon/gun/energy/plasma/light
[20:39:55]ADMIN: Uncle Nurgle/(Allisa Fletcher) created a /obj/item/weapon/gun/energy/plasma/rifle
[20:39:56]ADMIN: Den19ua/(Russel Stone) healed / revived Den19ua/(Russel Stone)
[20:39:58]ADMIN: Uncle Nurgle/(Allisa Fletcher) created a /obj/item/weapon/gun/energy/plasma/MP40k
[20:40:32]ADMIN: Den19ua/(Russel Stone) healed / revived Maxwell_Stark/(Carter Bluetenberger)
[20:40:38]ADMIN: Uncle Nurgle/(Allisa Fletcher) created a /obj/item/weapon/gun/energy/radgun
[20:40:45]ADMIN: Den19ua/(Russel Stone) healed / revived Den19ua/(Russel Stone)
[20:40:58]ADMIN: Den19ua/(Kobe Smail) healed / revived Den19ua/(Kobe Smail)
[20:41:10]ADMIN: Uncle Nurgle/(Allisa Fletcher) created a /obj/item/weapon/gun/energy/crossbow/largecrossbow
[20:41:23]ADMIN: Den19ua/(Kobe Smail) healed / revived Maxwell_Stark/(Rosa Baxter)
[20:41:23]ADMIN: Uncle Nurgle/(Allisa Fletcher) healed / revived Maxwell_Stark/(Rosa Baxter)
[20:41:31]ADMIN: Uncle Nurgle/(Allisa Fletcher) created a /obj/item/weapon/gun/energy/temperature
[20:42:02]ADMIN: Uncle Nurgle/(Allisa Fletcher) healed / revived Uncle Nurgle/(Allisa Fletcher)
[20:42:04]ADMIN: Uncle Nurgle/(Allisa Fletcher) created a /obj/item/weapon/gun/projectile/automatic/mini_uzi
[20:42:06]ADMIN: Uncle Nurgle/(Allisa Fletcher) created a /obj/item/weapon/gun/projectile/automatic/c20r/sc_c20r
[20:42:08]ADMIN: Uncle Nurgle/(Allisa Fletcher) created a /obj/item/weapon/gun/projectile/automatic/c20r
[20:42:12]ADMIN: Uncle Nurgle/(Allisa Fletcher) created a /obj/item/weapon/gun/projectile/automatic/xcom
[20:42:15]ADMIN: Den19ua/(Kobe Smail) healed / revived Maxwell_Stark/(Rosa Baxter)
[20:42:16]ADMIN: Uncle Nurgle/(Allisa Fletcher) created a /obj/item/weapon/gun/projectile/automatic/l6_saw
[20:42:18]ADMIN: Uncle Nurgle/(Allisa Fletcher) created a /obj/item/weapon/gun/projectile/automatic
[20:42:22]ADMIN: Den19ua/(Eliott Hawker) healed / revived Den19ua/(Eliott Hawker)
[20:42:26]ADMIN: Uncle Nurgle/(Allisa Fletcher) created a /obj/item/weapon/gun/projectile/silenced/sc_silenced
[20:42:28]ADMIN: Den19ua/(Owen Saylor) healed / revived Den19ua/(Owen Saylor)
[20:42:28]ADMIN: Uncle Nurgle/(Allisa Fletcher) created a /obj/item/weapon/gun/projectile/silenced
[20:42:33]ADMIN: Uncle Nurgle/(Allisa Fletcher) created a /obj/item/weapon/gun/projectile/deagle/camo
[20:42:35]ADMIN: Uncle Nurgle/(Allisa Fletcher) created a /obj/item/weapon/gun/projectile/deagle/gold
[20:42:39]ADMIN: Uncle Nurgle/(Allisa Fletcher) created a /obj/item/weapon/gun/projectile/gyropistol
[20:42:42]ADMIN: Den19ua/(Ezekiel Osterwise) healed / revived Den19ua/(Ezekiel Osterwise)
[20:42:50]ADMIN: Uncle Nurgle/(Shannon Fields) healed / revived Uncle Nurgle/(Shannon Fields)
[20:42:51]ADMIN: Den19ua/(Kerensa Kelly) healed / revived Den19ua/(Kerensa Kelly)
[20:42:58]ADMIN: Den19ua/(Kerensa Kelly) healed / revived Den19ua/(Kerensa Kelly)
[20:43:04]ADMIN: Uncle Nurgle/(Shannon Fields) created a /obj/item/weapon/gun/projectile/mateba
[20:43:05]ADMIN: Uncle Nurgle/(Shannon Fields) created a /obj/item/weapon/gun/projectile/rocketlauncher
[20:43:20]ADMIN: Uncle Nurgle/(Shannon Fields) has entered build mode.
[20:43:20]ADMIN: Den19ua/(Kerensa Kelly) healed / revived Den19ua/(Kerensa Kelly)
[20:43:26]ADMIN: Uncle Nurgle/(Shannon Fields) made a floor at <A HREF='?_src_=holder;adminplayerobservecoodjump=1;X=120;Y=186;Z=1'>Security Office - 120,186,1</a>
[20:43:27]ADMIN: Uncle Nurgle/(Shannon Fields) has left build mode.
[20:43:37]ADMIN: Uncle Nurgle/(Shannon Fields) created a /obj/item/weapon/gun/projectile/shotgun/pump/combat
[20:43:40]ADMIN: Uncle Nurgle/(Shannon Fields) created a /obj/item/weapon/gun/projectile/shotgun/pump/sc_pump
[20:43:44]ADMIN: Uncle Nurgle/(Shannon Fields) created a /obj/item/weapon/gun/projectile/shotgun/pump
[20:43:45]ADMIN: Den19ua/(Kerensa Kelly) healed / revived Maxwell_Stark/(Rosa Baxter)
[20:43:47]ADMIN: Uncle Nurgle/(Shannon Fields) created a /obj/item/weapon/gun/projectile/shotgun/doublebarrel
[20:43:54]ADMIN: Uncle Nurgle/(Shannon Fields) created a /obj/item/weapon/gun/dartgun/vox/medical
[20:43:56]ADMIN: Uncle Nurgle/(Shannon Fields) created a /obj/item/weapon/gun/dartgun/vox/raider
[20:43:58]ADMIN: Uncle Nurgle/(Shannon Fields) created a /obj/item/weapon/gun/dartgun/vox
[20:44:01]ADMIN: Den19ua/(Kerensa Kelly) healed / revived Den19ua/(Kerensa Kelly)
[20:44:04]ADMIN: Uncle Nurgle/(Shannon Fields) created a /obj/item/weapon/gun/grenadelauncher
[20:44:08]ADMIN: Den19ua/(Kerensa Kelly) healed / revived Maxwell_Stark/(Rosa Baxter)
[20:44:08]ADMIN: Uncle Nurgle/(Shannon Fields) created a /obj/item/weapon/arrow/quill
[20:44:14]ADMIN: Uncle Nurgle/(Shannon Fields) created a /obj/item/weapon/groans
[20:44:22]ADMIN: Den19ua/(Kerensa Kelly) healed / revived Den19ua/(Kerensa Kelly)
[20:44:22]ADMIN: Uncle Nurgle/(Shannon Fields) healed / revived Uncle Nurgle/(Shannon Fields)
[20:45:09]ADMIN: Den19ua/(Kerensa Kelly) healed / revived Den19ua/(Kerensa Kelly)
[20:45:10]ADMIN: Uncle Nurgle/(Shannon Fields) used 'kill air'.
[20:45:14]ADMIN: Den19ua/(Kerensa Kelly) healed / revived Maxwell_Stark/(Rosa Baxter)
[20:45:17]ADMIN: Uncle Nurgle/(Shannon Fields) healed / revived Uncle Nurgle/(Shannon Fields)
[20:45:37]ADMIN: Den19ua/(Kerensa Kelly) healed / revived Den19ua/(Kerensa Kelly)
[20:45:48]ADMIN: Uncle Nurgle/(Shannon Fields) created a /obj/item/weapon/gun/projectile/rocketlauncher
[20:46:02]ADMIN: Uncle Nurgle/(Shannon Fields) jumped to 122,175,1 in the Brig
[20:46:09]ADMIN: Den19ua/(Kerensa Kelly) healed / revived Den19ua/(Kerensa Kelly)
[20:46:13]ADMIN: Den19ua/(Kerensa Kelly) healed / revived Maxwell_Stark/(Rosa Baxter)
[20:46:18]ADMIN: Uncle Nurgle/(Shannon Fields) created a /obj/item/weapon/gun/projectile/rocketlauncher
[20:46:23]ADMIN: Den19ua/(Kerensa Kelly) healed / revived Den19ua/(Kerensa Kelly)
[20:46:29]ADMIN: Uncle Nurgle/(Shannon Fields) created a /obj/item/weapon/gun/projectile/mateba
[20:46:31]ADMIN: Den19ua/(Kerensa Kelly) healed / revived Den19ua/(Kerensa Kelly)
[20:46:35]ADMIN: Window destroyed by (unclenurgle) via a bullet! pdiff = 101.29 at the plating!
[20:46:37]ADMIN: Den19ua/(Kerensa Kelly) healed / revived Den19ua/(Kerensa Kelly)
[20:46:44]ADMIN: Uncle Nurgle/(Shannon Fields) created a /obj/item/weapon/gun/projectile/shotgun/doublebarrel
[20:46:45]ADMIN: Den19ua/(Pablo Moberly) healed / revived Den19ua/(Pablo Moberly)
[20:46:53]ADMIN: Den19ua/(Pablo Moberly) healed / revived Den19ua/(Pablo Moberly)
[20:46:59]ADMIN: Den19ua/(Pablo Moberly) healed / revived Den19ua/(Pablo Moberly)
[20:47:05]ADMIN: Den19ua/(Pablo Moberly) healed / revived Den19ua/(Pablo Moberly)
[20:47:11]ADMIN: Den19ua/(Pablo Moberly) healed / revived Den19ua/(Pablo Moberly)
[20:47:11]ADMIN: Uncle Nurgle/(Shannon Fields) has toggled Uncle Nurgle's STRONG block on!
[20:47:16]ADMIN: Uncle Nurgle/(Shannon Fields) has toggled Uncle Nurgle's TOXICFART block off!
[20:47:19]ADMIN: Uncle Nurgle/(Shannon Fields) has toggled Uncle Nurgle's REGENERATE block on!
[20:47:21]ADMIN: Den19ua/(Pablo Moberly) healed / revived Den19ua/(Pablo Moberly)
[20:47:21]ADMIN: Uncle Nurgle/(Shannon Fields) has toggled Uncle Nurgle's NOBREATH block on!
[20:47:23]ADMIN: Unknown (as Carter Bluetenberger)/(maxwellstark) closed the open and alarming firelock at <A HREF='?_src_=holder;adminplayerobservecoodjump=1;X=120;Y=177;Z=1'>Security Office - 120,177,1</a>
[20:47:29]ADMIN: Uncle Nurgle/(Shannon Fields) has toggled Uncle Nurgle's SHADOW block on!
[20:47:32]ADMIN: Uncle Nurgle/(Shannon Fields) has toggled Uncle Nurgle's SHADOW block off!
[20:48:06]ADMIN: Den19ua/(Pablo Moberly) healed / revived Den19ua/(Pablo Moberly)
[20:48:16]ADMIN: Uncle Nurgle/(Shannon Fields) created a /obj/item/weapon/gun/projectile/mateba
[20:48:43]ADMIN: Uncle Nurgle/(Shannon Fields) created a /mob/living/simple_animal/hostile/retaliate/cluwne
[20:48:54]ADMIN: Den19ua/(Pablo Moberly) healed / revived Den19ua/(Pablo Moberly)
[20:49:09]ADMIN: Uncle Nurgle/(Shannon Fields) created a /mob/living/simple_animal/hostile/retaliate/malf_drone
[20:49:19]ADMIN: Pablo Moberly (as Russel Stone)/(den19ua) closed the open  firelock at <A HREF='?_src_=holder;adminplayerobservecoodjump=1;X=124;Y=189;Z=1'>Brig Toilets - 124,189,1</a>
[20:49:42]ADMIN: Den19ua/(Pablo Moberly) healed / revived Maxwell_Stark/(Rosa Baxter)
[20:50:04]ADMIN: Pablo Moberly (as Russel Stone)/(den19ua) closed the open and alarming firelock at <A HREF='?_src_=holder;adminplayerobservecoodjump=1;X=119;Y=187;Z=1'>Firing Range - 119,187,1</a>
[20:50:15]ADMIN: Shannon Fields (as Allisa Fletcher)/(unclenurgle) closed the open and alarming firelock at <A HREF='?_src_=holder;adminplayerobservecoodjump=1;X=120;Y=177;Z=1'>Security Office - 120,177,1</a>
[20:50:20]ADMIN: Den19ua/(Pablo Moberly) healed / revived Den19ua/(Pablo Moberly)
[20:50:30]ADMIN: Den19ua/(Gabriela Oneal) healed / revived Den19ua/(Gabriela Oneal)
[20:50:32]ADMIN: Shannon Fields (as Allisa Fletcher)/(unclenurgle) closed the open and alarming firelock at <A HREF='?_src_=holder;adminplayerobservecoodjump=1;X=120;Y=177;Z=1'>Security Office - 120,177,1</a>
[20:50:49]ADMIN: Den19ua/(Elias Faqua) healed / revived Den19ua/(Elias Faqua)
[20:50:59]ADMIN: Den19ua/(Elias Faqua) healed / revived Den19ua/(Elias Faqua)
[20:51:05]ADMIN: Uncle Nurgle/(Shannon Fields) changed the equipment of Uncle Nurgle/(Shannon Fields) to masked killer.
[20:51:09]ADMIN: Den19ua/(Janette Wood) healed / revived Den19ua/(Janette Wood)
[20:51:36]ADMIN: Den19ua/(Loreto Ringer) healed / revived Den19ua/(Loreto Ringer)
[20:51:40]ADMIN: Den19ua/(Loreto Ringer) healed / revived Maxwell_Stark/(Rosa Baxter)
[20:52:02]ADMIN: Den19ua/(Katelyn Moore) healed / revived Den19ua/(Katelyn Moore)
[20:52:06]ADMIN: Uncle Nurgle/(Shannon Fields) created a /obj/item/weapon/katana
[20:52:07]ADMIN: Den19ua/(Katelyn Moore) healed / revived Maxwell_Stark/(Rosa Baxter)
[20:52:08]ADMIN: Uncle Nurgle/(Shannon Fields) created a /obj/item/weapon/katana
[20:52:20]ADMIN: Den19ua/(Katelyn Moore) healed / revived Maxwell_Stark/(Abel Holmes)
[20:52:37]ADMIN: Den19ua/(Katelyn Moore) healed / revived Den19ua/(Katelyn Moore)
[20:52:52]ADMIN: Den19ua/(Katelyn Moore) healed / revived Maxwell_Stark/(Abel Holmes)
[20:53:02]ADMIN: Den19ua/(Courtney Weisgarber) healed / revived Den19ua/(Courtney Weisgarber)
[20:53:08]ADMIN: Den19ua/(Emily Donkin) healed / revived Den19ua/(Emily Donkin)
[20:53:17]ADMIN: Den19ua/(Clinton Overstreet) healed / revived Den19ua/(Clinton Overstreet)
[20:53:28]ADMIN: Window destroyed by (maxwellstark) via a rad! pdiff = 101.171 at the plating!
[20:53:41]ADMIN: Uncle Nurgle/(Shannon Fields) modified chapel wardrobe's broken to 1
[20:54:03]ADMIN: Uncle Nurgle/(Shannon Fields) has toggled Uncle Nurgle/(Shannon Fields)'s nodamage to On
[20:54:05]ADMIN: Den19ua/(Clinton Overstreet) created a /obj/effect/spawner/newbomb/timer
[20:54:41]ADMIN: Shannon Fields (as Allisa Fletcher)/(unclenurgle) closed the open and alarming firelock at <A HREF='?_src_=holder;adminplayerobservecoodjump=1;X=120;Y=177;Z=1'>Security Office - 120,177,1</a>
[20:55:02]ADMIN: Shannon Fields (as Allisa Fletcher)/(unclenurgle) closed the open and alarming firelock at <A HREF='?_src_=holder;adminplayerobservecoodjump=1;X=120;Y=177;Z=1'>Security Office - 120,177,1</a>
[20:55:25]ADMIN: Uncle Nurgle/(Shannon Fields) created a /mob/living/simple_animal/hostile/russian/ranged
[20:56:58]ADMIN: Uncle Nurgle/(Shannon Fields) created 10ea /mob/living/simple_animal/hostile/russian/ranged
[20:57:30]ADMIN: *null* healed / revived Uncle Nurgle/(Shannon Fields)
[20:57:54]ADMIN: Uncle Nurgle/(Shannon Fields) healed / revived Uncle Nurgle/(Shannon Fields)
[20:58:10]ADMIN: Uncle Nurgle/(Shannon Fields) healed / Rrvived Uncle Nurgle/(Shannon Fields)
[20:58:11]ADMIN: Uncle Nurgle/(Shannon Fields) healed / Rrvived Uncle Nurgle/(Shannon Fields)
[20:58:12]ADMIN: Uncle Nurgle/(Shannon Fields) healed / Rrvived Uncle Nurgle/(Shannon Fields)
[20:58:12]ADMIN: Uncle Nurgle/(Shannon Fields) healed / Rrvived Uncle Nurgle/(Shannon Fields)
[20:58:13]ADMIN: Uncle Nurgle/(Shannon Fields) healed / Rrvived Uncle Nurgle/(Shannon Fields)
[20:58:13]ADMIN: Uncle Nurgle/(Shannon Fields) healed / Rrvived Uncle Nurgle/(Shannon Fields)
[20:58:14]ADMIN: Uncle Nurgle/(Shannon Fields) healed / Rrvived Uncle Nurgle/(Shannon Fields)
[20:58:27]ADMIN: Uncle Nurgle/(Shannon Fields) has used rudimentary transformation on Uncle Nurgle/(Shannon Fields). Transforming to human; deletemob=1
[20:58:33]ADMIN: Uncle Nurgle/(Shannon Fields) healed / revived Uncle Nurgle/(Shannon Fields)
[20:58:47]ADMIN: Den19ua/(Russel Stone) changed the equipment of Den19ua/(Russel Stone) to soviet admiral.
[20:58:48]ADMIN: Uncle Nurgle/(Shannon Fields) changed the equipment of Uncle Nurgle/(Shannon Fields) to Syndi RIG.
[20:58:54]ADMIN: Uncle Nurgle/(Shannon Fields) healed / revived Uncle Nurgle/(Shannon Fields)
[20:59:02]ADMIN: Den19ua/(Russel Stone) changed the equipment of Den19ua/(Russel Stone) to soviet admiral.
[20:59:05]ADMIN: Uncle Nurgle/(Shannon Fields) has toggled Uncle Nurgle/(Shannon Fields)'s nodamage to On
[20:59:45]ADMIN: Uncle Nurgle/(Shannon Fields) healed / revived Uncle Nurgle/(Shannon Fields)
[20:59:49]ADMIN: Den19ua/(Russel Stone) teleported Maxwell_Stark/(Carter Bluetenberger)
[20:59:54]ADMIN: Den19ua/(Russel Stone) healed / revived Maxwell_Stark/(Carter Bluetenberger)
[20:59:56]ADMIN: Uncle Nurgle/(Shannon Fields) has used rudimentary transformation on Uncle Nurgle/(Shannon Fields). Transforming to human; deletemob=0
[21:00:05]ADMIN: Uncle Nurgle/(Shannon Fields) has toggled Uncle Nurgle/(Shannon Fields)'s nodamage to On
[21:00:44]ADMIN: Den19ua/(Russel Stone) healed / revived Maxwell_Stark/(Carter Bluetenberger)
[21:01:07]ADMIN: Uncle Nurgle/(Shannon Fields) assumed direct control of the unknown.
[21:01:09]ADMIN: *no key*/(Shannon Fields) used secret spawnselfdummy
[21:01:31]ADMIN: Den19ua/(Russel Stone) created a /obj/item/weapon/gun/projectile/pistol
[21:01:47]ADMIN: Den19ua/(Russel Stone) created a /obj/item/ammo_storage/magazine/mc9mm
[21:01:53]ADMIN: Carter Bluetenberger/(maxwellstark) opened the closed  firelock at <A HREF='?_src_=holder;adminplayerobservecoodjump=1;X=93;Y=142;Z=1'>Port Primary Hallway - 93,142,1</a>
[21:02:07]ADMIN: unclenurgle/(Admin) healed / revived unclenurgle/(Admin)
[21:02:29]ADMIN: <a href='?priv_msg=[0x5000001]'>unclenurgle</a>/(Admin) has vampired Admin.
[21:02:55]ADMIN: Den19ua/(Russel Stone) created a /obj/item/ammo_storage/magazine/mc9mm
[21:02:56]ADMIN: Den19ua/(Russel Stone) created a /obj/item/ammo_storage/magazine/mc9mm
[21:02:56]ADMIN: Den19ua/(Russel Stone) created a /obj/item/ammo_storage/magazine/mc9mm
[21:02:57]ADMIN: Den19ua/(Russel Stone) created a /obj/item/ammo_storage/magazine/mc9mm
[21:02:57]ADMIN: Den19ua/(Russel Stone) created a /obj/item/ammo_storage/magazine/mc9mm
[21:02:57]ADMIN: Den19ua/(Russel Stone) created a /obj/item/ammo_storage/magazine/mc9mm
[21:02:58]ADMIN: Den19ua/(Russel Stone) created a /obj/item/ammo_storage/magazine/mc9mm
[21:02:58]ADMIN: Den19ua/(Russel Stone) created a /obj/item/ammo_storage/magazine/mc9mm
[21:03:50]ADMIN: Den19ua/(Russel Stone) created a /obj/item/weapon/gun/projectile/pistol
[21:03:57]ADMIN: Den19ua/(Russel Stone) healed / revived Maxwell_Stark/(Carter Bluetenberger)
[21:04:15]ADMIN: HELP: Maxwell_Stark/(Carter Bluetenberger): <b><font color=red>HELP: </font><a href='?priv_msg=[0x5000002]'>Maxwell_Stark</a>/(Carter Bluetenberger) (<A HREF='?_src_=holder;adminmoreinfo=[0x3000047]'>?</A>) (<A HREF='?_src_=holder;adminplayeropts=[0x3000047]'>PP</A>) (<A HREF='?_src_=vars;Vars=[0x3000047]'>VV</A>) (<A HREF='?_src_=holder;subtlemessage=[0x3000047]'>SM</A>) (<A HREF='?_src_=holder;adminplayerobservejump=[0x3000047]'>JMP</A>) (<A HREF='?_src_=holder;secretsadmin=check_antagonist'>CA</A>):</b> так не честено - heard by 2 non-AFK admins who have +BAN.
[21:04:17]ADMIN: Window destroyed by (unclenurgle) via a bullet! pdiff = 101.291 at the plating!
[21:04:26]ADMIN: Den19ua/(Russel Stone) healed / revived Den19ua/(Russel Stone)
[21:04:32]ADMIN: *null* healed / revived unclenurgle/(Admin)
[21:04:42]ADMIN: Den19ua/(Russel Stone) healed / revived Maxwell_Stark/(Carter Bluetenberger)
[21:05:05]ADMIN: Den19ua/(Russel Stone) healed / revived Maxwell_Stark/(Carter Bluetenberger)
[21:06:15]ADMIN: Den19ua/(Russel Stone) healed / revived Den19ua/(Russel Stone)
[21:06:27]ADMIN: Den19ua/(Russel Stone) healed / revived Maxwell_Stark/(Carter Bluetenberger)
[21:07:57]ADMIN: Russel Stone/(den19ua) opened the closed  firelock at <A HREF='?_src_=holder;adminplayerobservecoodjump=1;X=77;Y=140;Z=1'>Port Primary Hallway - 77,140,1</a>
[21:07:58]ADMIN: Russel Stone/(den19ua) closed the open  firelock at <A HREF='?_src_=holder;adminplayerobservecoodjump=1;X=77;Y=140;Z=1'>Port Primary Hallway - 77,140,1</a>
[21:08:50]ADMIN: Den19ua/(Russel Stone) healed / revived Maxwell_Stark/(Carter Bluetenberger)
[21:08:54]ADMIN: Den19ua/(Russel Stone) healed / revived Den19ua/(Russel Stone)
[21:09:12]ADMIN: Den19ua/(Russel Stone) created a /obj/item/ammo_storage/magazine/mc9mm
[21:09:13]ADMIN: Den19ua/(Russel Stone) created a /obj/item/ammo_storage/magazine/mc9mm
[21:09:13]ADMIN: Den19ua/(Russel Stone) created a /obj/item/ammo_storage/magazine/mc9mm
[21:09:13]ADMIN: Den19ua/(Russel Stone) created a /obj/item/ammo_storage/magazine/mc9mm
[21:09:14]ADMIN: Den19ua/(Russel Stone) created a /obj/item/ammo_storage/magazine/mc9mm
[21:09:14]ADMIN: Den19ua/(Russel Stone) created a /obj/item/ammo_storage/magazine/mc9mm
[21:09:15]ADMIN: Den19ua/(Russel Stone) created a /obj/item/ammo_storage/magazine/mc9mm
[21:09:15]ADMIN: Den19ua/(Russel Stone) created a /obj/item/ammo_storage/magazine/mc9mm
[21:10:38]ADMIN: Den19ua/(Russel Stone) healed / revived Maxwell_Stark/(Carter Bluetenberger)
[21:10:42]ADMIN: Den19ua/(Russel Stone) healed / revived Den19ua/(Russel Stone)
[21:10:50]ADMIN: unclenurgle/(Admin) healed / revived unclenurgle/(Admin)
[21:11:36]ADMIN: Den19ua/(Russel Stone) healed / revived Den19ua/(Russel Stone)
[21:11:53]ADMIN: Den19ua/(Russel Stone) changed the equipment of Maxwell_Stark/(Carter Bluetenberger) to soviet admiral.
[21:13:29]ADMIN: Den19ua/(Russel Stone) healed / revived Den19ua/(Russel Stone)
[21:13:35]ADMIN: Den19ua/(Russel Stone) deleted Admin at (112,143,1)
[21:13:52]ADMIN: unclenurgle/(Test Dummy) has used rudimentary transformation on unclenurgle/(Test Dummy). Transforming to human; deletemob=1
[21:13:58]ADMIN: Den19ua/(Russel Stone) created a /obj/item/weapon/gun/projectile/rocketlauncher
[21:14:07]ADMIN: Den19ua/(Russel Stone) healed / revived Den19ua/(Russel Stone)
[21:14:35]ADMIN: Den19ua/(Russel Stone) deleted Test Dummy at (114,144,1)
[21:14:40]ADMIN: Den19ua/(Russel Stone) healed / revived Maxwell_Stark/(Carter Bluetenberger)
[21:14:42]ADMIN: Den19ua/(Russel Stone) created a /obj/item/weapon/gun/projectile/rocketlauncher
[21:14:50]ADMIN: HELP: Maxwell_Stark/(Carter Bluetenberger): <b><font color=red>HELP: </font><a href='?priv_msg=[0x5000002]'>Maxwell_Stark</a>/(Carter Bluetenberger) (<A HREF='?_src_=holder;adminmoreinfo=[0x3000047]'>?</A>) (<A HREF='?_src_=holder;adminplayeropts=[0x3000047]'>PP</A>) (<A HREF='?_src_=vars;Vars=[0x3000047]'>VV</A>) (<A HREF='?_src_=holder;subtlemessage=[0x3000047]'>SM</A>) (<A HREF='?_src_=holder;adminplayerobservejump=[0x3000047]'>JMP</A>) (<A HREF='?_src_=holder;secretsadmin=check_antagonist'>CA</A>):</b> мда - heard by 2 non-AFK admins who have +BAN.
[21:14:55]ADMIN: Den19ua/(Russel Stone) healed / revived Den19ua/(Russel Stone)
[21:15:02]ADMIN: unclenurgle/(Test Dummy) has used rudimentary transformation on unclenurgle/(Test Dummy). Transforming to human; deletemob=1
[21:15:24]ADMIN: Den19ua/(Russel Stone) deleted Test Dummy at (114,146,1)
[21:15:51]ADMIN: unclenurgle/(Test Dummy) has used rudimentary transformation on unclenurgle/(Test Dummy). Transforming to human; deletemob=1
[21:15:56]ADMIN: Den19ua/(Russel Stone) healed / revived Maxwell_Stark/(Carter Bluetenberger)
[21:16:26]ADMIN: unclenurgle/(Test Dummy) healed / revived unclenurgle/(Test Dummy)
[21:16:45]ADMIN: Unknown (as Carter Bluetenberger)/(maxwellstark) opened the closed  firelock at <A HREF='?_src_=holder;adminplayerobservecoodjump=1;X=111;Y=158;Z=1'>Law Office - 111,158,1</a>
[21:17:33]ADMIN: *null* healed / Rrvived unclenurgle/(Test Dummy)
[21:17:48]ADMIN: Den19ua/(Russel Stone) healed / revived Den19ua/(Russel Stone)
[21:17:52]ADMIN: Den19ua/(Russel Stone) healed / revived Maxwell_Stark/(Carter Bluetenberger)
[21:17:55]ADMIN: unclenurgle/(Test Dummy) dealt 300 amount of brain damage to Unknown (as Carter Bluetenberger) 
[21:18:04]ADMIN: Unknown (as Carter Bluetenberger)/(maxwellstark) closed the open and alarming firelock at <A HREF='?_src_=holder;adminplayerobservecoodjump=1;X=116;Y=177;Z=1'>Security Office - 116,177,1</a>
[21:18:08]ADMIN: *null* healed / revived unclenurgle/(Test Dummy)
[21:18:23]ADMIN: Den19ua/(Russel Stone) healed / revived Den19ua/(Russel Stone)
[21:18:45]ADMIN: *null* healed / revived unclenurgle/(Test Dummy)
[21:19:19]ADMIN: Den19ua/(Russel Stone) healed / revived Den19ua/(Russel Stone)
[21:19:43]ADMIN: unclenurgle/(Test Dummy) jumped to 111,169,1 in the Security Lobby
[21:20:15]ADMIN: unclenurgle/(Test Dummy) healed / revived unclenurgle/(Test Dummy)
[21:20:24]ADMIN: unclenurgle/(Test Dummy) healed / revived unclenurgle/(Test Dummy)
[21:20:30]ADMIN: Den19ua/(Russel Stone) healed / revived Den19ua/(Russel Stone)
[21:20:50]ADMIN: unclenurgle/(Test Dummy) created a /mob/living/carbon/human
[21:21:22]ADMIN: Den19ua/(Russel Stone) healed / revived Den19ua/(Russel Stone)
[21:21:45]ADMIN: Den19ua/(Russel Stone) healed / revived Den19ua/(Russel Stone)
[21:22:14]ADMIN: Den19ua/(Russel Stone) healed / revived Den19ua/(Russel Stone)
[21:22:26]ADMIN: unclenurgle/(Test Dummy) changed the equipment of unclenurgle/(Test Dummy) to masked killer.
[21:22:30]ADMIN: Den19ua/(Russel Stone) healed / revived Maxwell_Stark/(Carter Bluetenberger)
[21:22:41]ADMIN: Den19ua/(Russel Stone) healed / revived Maxwell_Stark/(Carter Bluetenberger)
[21:22:46]ADMIN: Den19ua/(Russel Stone) healed / revived Den19ua/(Russel Stone)
[21:23:04]ADMIN: unclenurgle/(Isaias Mccune) jumped to 110,169,1 in the Security Lobby
[21:23:05]ADMIN: Russel Stone/(den19ua) closed the open and alarming firelock at <A HREF='?_src_=holder;adminplayerobservecoodjump=1;X=119;Y=177;Z=1'>Security Office - 119,177,1</a>
[21:23:13]ADMIN: unclenurgle/(Isaias Mccune) created a /mob/living/carbon/human
[21:23:15]ADMIN: Den19ua/(Russel Stone) healed / revived Den19ua/(Russel Stone)
[21:23:20]ADMIN: Den19ua/(Russel Stone) healed / revived Maxwell_Stark/(Carter Bluetenberger)
[21:23:21]ADMIN: Russel Stone/(den19ua) closed the open and alarming firelock at <A HREF='?_src_=holder;adminplayerobservecoodjump=1;X=119;Y=177;Z=1'>Security Office - 119,177,1</a>
[21:23:28]ADMIN: unclenurgle/(Isaias Mccune) changed the equipment of *no key*/(unknown) to death commando.
[21:23:30]ADMIN: Unknown (as Carter Bluetenberger)/(maxwellstark) closed the open and alarming firelock at <A HREF='?_src_=holder;adminplayerobservecoodjump=1;X=119;Y=177;Z=1'>Security Office - 119,177,1</a>
[21:23:30]ADMIN: Den19ua/(Russel Stone) healed / revived Den19ua/(Russel Stone)
[21:25:04]ADMIN: Den19ua/(Russel Stone) healed / revived Den19ua/(Russel Stone)
[21:25:28]ADMIN: Den19ua/(Russel Stone) healed / revived Den19ua/(Russel Stone)
[21:26:04]ADMIN: Den19ua/(Russel Stone) healed / revived unclenurgle/(Isaias Mccune)
[21:26:32]ADMIN: Den19ua/(Russel Stone) healed / revived Maxwell_Stark/(Carter Bluetenberger)
[21:27:01]ADMIN: Russel Stone/(den19ua) opened the closed  firelock at <A HREF='?_src_=holder;adminplayerobservecoodjump=1;X=114;Y=147;Z=1'>Fore Primary Hallway - 114,147,1</a>
[21:27:07]ADMIN: unclenurgle/(Curtis Bicknell) created a /mob/living/carbon/human
[21:27:08]ADMIN: unclenurgle/(Curtis Bicknell) created a /mob/living/carbon/human
[21:27:11]ADMIN: unclenurgle/(Curtis Bicknell) created a /mob/living/carbon/human
[21:27:15]ADMIN: Den19ua/(Russel Stone) healed / revived Maxwell_Stark/(Carter Bluetenberger)
[21:28:01]ADMIN: Russel Stone/(den19ua) opened the closed  firelock at <A HREF='?_src_=holder;adminplayerobservecoodjump=1;X=114;Y=159;Z=1'>Fore Primary Hallway - 114,159,1</a>
[21:28:28]ADMIN: Den19ua/(Russel Stone) healed / revived Den19ua/(Russel Stone)
[21:28:36]ADMIN: Unknown (as Carter Bluetenberger)/(maxwellstark) opened the closed  firelock at <A HREF='?_src_=holder;adminplayerobservecoodjump=1;X=111;Y=157;Z=1'>Law Office - 111,157,1</a>
[21:28:36]ADMIN: Russel Stone/(den19ua) closed the open  firelock at <A HREF='?_src_=holder;adminplayerobservecoodjump=1;X=111;Y=157;Z=1'>Law Office - 111,157,1</a>
[21:29:40]ADMIN: Den19ua/(Russel Stone) healed / revived Maxwell_Stark/(Carter Bluetenberger)
[21:30:22]ADMIN: Den19ua/(Russel Stone) healed / revived Den19ua/(Russel Stone)
[21:30:42]ADMIN: Den19ua/(Russel Stone) healed / revived Den19ua/(Russel Stone)
[21:31:11]ADMIN: Den19ua/(Russel Stone) healed / revived Den19ua/(Russel Stone)
[21:31:19]ADMIN: Den19ua/(Russel Stone) healed / revived Maxwell_Stark/(Carter Bluetenberger)
[21:32:51]ADMIN: Den19ua/(Russel Stone) created a /obj/effect/spawner/newbomb/timer
[21:35:22]ADMIN: unclenurgle/(Curtis Bicknell) made all SMESs powered
[21:35:22]ADMIN: unclenurgle/(Curtis Bicknell) used secret quickpower
[21:36:05]ADMIN: Den19ua/(Russel Stone) created a /obj/item/weapon/gun/projectile/flare
[21:36:31]ADMIN: Den19ua/(Russel Stone) created a /obj/item/ammo_storage/box/flare
[21:37:01]ADMIN: Russel Stone/(den19ua) closed the open  firelock at <A HREF='?_src_=holder;adminplayerobservecoodjump=1;X=114;Y=147;Z=1'>Fore Primary Hallway - 114,147,1</a>
[21:37:09]ADMIN: unclenurgle/(Curtis Bicknell) created a /mob/living/carbon/human
[21:37:34]ADMIN: Russel Stone/(den19ua) closed the open  firelock at <A HREF='?_src_=holder;adminplayerobservecoodjump=1;X=114;Y=159;Z=1'>Fore Primary Hallway - 114,159,1</a>
[21:37:53]ADMIN: Den19ua/(Russel Stone) healed / revived Den19ua/(Russel Stone)
[21:38:16]ADMIN: Den19ua/(Russel Stone) healed / revived Den19ua/(Russel Stone)
[21:38:43]ADMIN: Den19ua/(Russel Stone) healed / revived Den19ua/(Russel Stone)
[21:39:16]ADMIN: Den19ua/(Russel Stone) modified chapel wardrobe's broken to 0
[21:42:28]ADMIN: Den19ua/(Russel Stone) healed / revived Den19ua/(Russel Stone)
[21:42:29]ADMIN: Curtis Bicknell/(unclenurgle) opened the closed  firelock at <A HREF='?_src_=holder;adminplayerobservecoodjump=1;X=63;Y=142;Z=1'>Port Primary Hallway - 63,142,1</a>
[21:43:08]ADMIN: Den19ua/(Russel Stone) edited the admin rank of maxwellstark to Host
[21:43:49]ADMIN: Maxwell_Stark/(Carter Bluetenberger) deleted the space bats at (90,140,1)
[21:43:53]ADMIN: Den19ua/(Russel Stone) healed / revived Den19ua/(Russel Stone)
[21:43:56]ADMIN: Maxwell_Stark/(Carter Bluetenberger) healed / revived Maxwell_Stark/(Carter Bluetenberger)
[21:44:08]ADMIN: Maxwell_Stark/(Carter Bluetenberger) has possessed the flare gun (/obj/item/weapon/gun/projectile/flare) at (88, 142, 1)
[21:44:12]ADMIN: unclenurgle/(Curtis Bicknell) removed maxwellstark from the admins list
[21:44:24]ADMIN: unclenurgle/(Curtis Bicknell) edited the admin rank of maxwellstark to s
[21:44:32]ADMIN: unclenurgle/(Curtis Bicknell) toggled the +REJUVINATE permission of maxwellstark
[21:46:39]ADMIN: HELP: Maxwell_Stark/(flare gun): <b><font color=red>HELP: </font><a href='?priv_msg=[0x5000002]'>Maxwell_Stark</a>/(flare gun) (<A HREF='?_src_=holder;adminmoreinfo=[0x3000067]'>?</A>) (<A HREF='?_src_=holder;adminplayeropts=[0x3000067]'>PP</A>) (<A HREF='?_src_=vars;Vars=[0x3000067]'>VV</A>) (<A HREF='?_src_=holder;subtlemessage=[0x3000067]'>SM</A>) (<A HREF='?_src_=holder;adminplayerobservejump=[0x3000067]'>JMP</A>) (<A HREF='?_src_=holder;secretsadmin=check_antagonist'>CA</A>):</b> почему &#255; ничево не могу делать - heard by 3 non-AFK admins who have +BAN.
[21:46:45]ADMIN: Maxwell_Stark/(flare gun) checked antagonists.
[22:03:38]ADMIN: Den19ua/(Russel Stone) healed / revived Den19ua/(Russel Stone)
[22:04:05]ADMIN: Russel Stone/(den19ua) opened the closed  firelock at <A HREF='?_src_=holder;adminplayerobservecoodjump=1;X=61;Y=140;Z=1'>Arrival Shuttle Hallway - 61,140,1</a>
[22:06:13]ADMIN: Den19ua/(Russel Stone) healed / revived Den19ua/(Russel Stone)
[22:06:15]ADMIN: *null* healed / revived unclenurgle/(Jamar Catherina)
[22:06:48]ADMIN: MasterDares/(Albert Bronotoktolov) played sound 10 Скотный двор.wma
[22:07:10]ADMIN: Den19ua/(Russel Stone) healed / revived Den19ua/(Russel Stone)
[22:07:44]ADMIN: Russel Stone/(den19ua) opened the closed  firelock at <A HREF='?_src_=holder;adminplayerobservecoodjump=1;X=51;Y=138;Z=1'>Arrival Shuttle Hallway - 51,138,1</a>
[22:07:49]ADMIN: Russel Stone/(den19ua) opened the closed  firelock at <A HREF='?_src_=holder;adminplayerobservecoodjump=1;X=51;Y=137;Z=1'>Arrival Shuttle Hallway - 51,137,1</a>
[22:07:52]ADMIN: Jamar Catherina/(unclenurgle) closed the open  firelock at <A HREF='?_src_=holder;adminplayerobservecoodjump=1;X=51;Y=137;Z=1'>Arrival Shuttle Hallway - 51,137,1</a>
[22:07:52]ADMIN: Jamar Catherina/(unclenurgle) closed the open  firelock at <A HREF='?_src_=holder;adminplayerobservecoodjump=1;X=51;Y=138;Z=1'>Arrival Shuttle Hallway - 51,138,1</a>
[22:08:32]ADMIN: Den19ua/(Russel Stone) healed / revived Den19ua/(Russel Stone)
[22:09:28]ADMIN: Den19ua/(Russel Stone) created a /obj/item/tk_grab
[22:09:43]ADMIN: Den19ua/(Russel Stone) deleted Telekinetic Grab at (121,111,1)
[22:09:45]ADMIN: Den19ua/(Russel Stone) created a /obj/item/weapon/gun/projectile/pistol
[22:09:54]ADMIN: Den19ua/(Russel Stone) created a /obj/item/ammo_storage/magazine/mc9mm
[22:09:55]ADMIN: Den19ua/(Russel Stone) created a /obj/item/ammo_storage/magazine/mc9mm
[22:09:56]ADMIN: Den19ua/(Russel Stone) created a /obj/item/ammo_storage/magazine/mc9mm
[22:11:40]ADMIN: MasterDares/(Albert Bronotoktolov) modified Runtime's ckey to maxwellstark
[22:12:10]ADMIN: unclenurgle/(Jamar Catherina) healed / revived unclenurgle/(Jamar Catherina)
[22:12:38]ADMIN: Den19ua/(Russel Stone) healed / revived Den19ua/(Russel Stone)
[22:12:55]ADMIN: Den19ua/(Russel Stone) created a /obj/item/ammo_storage/magazine/mc9mm
[22:12:56]ADMIN: Den19ua/(Russel Stone) created a /obj/item/ammo_storage/magazine/mc9mm
[22:12:57]ADMIN: Den19ua/(Russel Stone) created a /obj/item/ammo_storage/magazine/mc9mm
[22:12:58]ADMIN: Den19ua/(Russel Stone) created a /obj/item/ammo_storage/magazine/mc9mm
[22:13:17]ADMIN: MasterDares/(Albert Bronotoktolov) played a local sound Александр Пистолетов - Я российский новый пират.ogg
[22:13:56]ADMIN: unclenurgle/(Jamar Catherina) healed / revived unclenurgle/(Jamar Catherina)
[22:14:21]ADMIN: Den19ua/(Russel Stone) created a /obj/item/clothing/glasses/thermal/eyepatch
[22:14:23]ADMIN: unclenurgle/(Isaias Hall) jumped to 50,138,1 in the Arrival Shuttle Hallway
[22:14:38]ADMIN: Den19ua/(Russel Stone) healed / revived Den19ua/(Russel Stone)
[22:14:42]ADMIN: unclenurgle/(Isaias Hall) created a /mob/living/carbon/human
[22:14:43]ADMIN: unclenurgle/(Isaias Hall) created a /mob/living/carbon/human
[22:14:45]ADMIN: unclenurgle/(Isaias Hall) created a /mob/living/carbon/human
[22:14:47]ADMIN: unclenurgle/(Isaias Hall) created a /mob/living/carbon/human
[22:14:51]ADMIN: unclenurgle/(Isaias Hall) created a /mob/living/carbon/human/skrell
[22:15:00]ADMIN: Den19ua/(Russel Stone) created a /obj/item/ammo_storage/magazine/mc9mm
[22:15:02]ADMIN: Den19ua/(Russel Stone) created a /obj/item/ammo_storage/magazine/mc9mm
[22:15:03]ADMIN: Den19ua/(Russel Stone) created a /obj/item/ammo_storage/magazine/mc9mm
[22:15:18]ADMIN: Den19ua/(Russel Stone) created a /obj/item/weapon/storage/belt/security
[22:16:21]ADMIN: unclenurgle/(Isaias Hall) used secret whiteout
[22:16:27]ADMIN: Den19ua/(Russel Stone) healed / revived Den19ua/(Russel Stone)
[22:17:02]ADMIN: Den19ua/(Russel Stone) healed / revived Den19ua/(Russel Stone)
[22:17:42]ADMIN: MasterDares/(Albert Bronotoktolov) modified space bats's ckey to maswellstark
[22:18:15]ADMIN: Den19ua/(Russel Stone) healed / revived Den19ua/(Russel Stone)
[22:18:33]ADMIN: MasterDares/(Albert Bronotoktolov) modified space bats's ckey to maxwellstark
[22:18:58]ADMIN: Den19ua/(Russel Stone) healed / revived Den19ua/(Russel Stone)
[22:19:13]ADMIN: Den19ua/(Russel Stone) created a /obj/item/weapon/gun/projectile/pistol
[22:19:40]ADMIN: Den19ua/(Russel Stone) created a /obj/item/ammo_storage/magazine/mc9mm
[22:19:41]ADMIN: Den19ua/(Russel Stone) created a /obj/item/ammo_storage/magazine/mc9mm
[22:19:42]ADMIN: Den19ua/(Russel Stone) created a /obj/item/ammo_storage/magazine/mc9mm
[22:19:43]ADMIN: Den19ua/(Russel Stone) created a /obj/item/ammo_storage/magazine/mc9mm
[22:20:43]ADMIN: Den19ua/(Russel Stone) teleported *no key*/(space bats)
[22:20:51]ADMIN: Den19ua/(Russel Stone) healed / revived *no key*/(space bats)
[22:21:13]ADMIN: Den19ua/(Russel Stone) healed / revived Den19ua/(Russel Stone)
[22:21:38]ADMIN: @Den19ua/(Russel Stone) jumped to maxwellstark/(space bats)
[22:22:03]ADMIN: Den19ua/(Russel Stone) healed / revived maxwellstark/(space bats)
[22:23:05]ADMIN: MasterDares/(Albert Bronotoktolov) created a /mob/living/simple_animal/hostile/necro/skeleton
[22:23:22]ADMIN: MasterDares/(Albert Bronotoktolov) modified skeleton's ckey to maxwellstark
[22:23:46]ADMIN: MasterDares/(Albert Bronotoktolov) teleported maxwellstark/(skeleton)
[22:25:27]ADMIN: unclenurgle/(Isaias Hall) admin-called the emergency shuttle.
---------------------
[22:31:50]WORLD: starting up...
[22:31:50]ADMIN: Loading Banlistjob
[22:31:50]ADMIN: Loading jobban_rank
[22:31:50]ADMIN: Updating jobbanfile!
[22:31:50]ADMIN: Loading appearance_rank
[22:31:50]ADMIN: appearance_keylist was empty
[22:31:50]ADMIN: Loading Banlist
[22:35:23]ADMIN: MasterDares/(MasterDares) delayed the game.
[22:35:32]ADMIN: MasterDares/(MasterDares) set the mode as secret.
[22:51:36]ADMIN: EgorkillerUA has started the game.
[22:52:56]ADMIN: EgorkillerUA/(Riley Pearsall) checked antagonists.
[23:01:17]ADMIN: MasterDares/(MasterDares) modified Space Station 13's icon to pepyaka strong.jpg
[23:03:12]ADMIN: MasterDares/(MasterDares) modified Space Station 13's icon to ^126FCCE397706BDBC847115EB36A8F38FDEF4BB4E370F4CEC7^pimgpsh_thumbnail_win_distr.jpg
[23:04:34]ADMIN: MasterDares/(Albert Bronotoktolov) assumed direct control of Albert Bronotoktolov.
[23:05:29]ADMIN: Riley Pearsall(egorkillerua) opened a canister that contains [Toxins ] at 100, 66, 1
[23:05:50]ADMIN: EgorkillerUA/(Riley Pearsall) jumped to Engineering
[23:06:19]ADMIN: EgorkillerUA/(Riley Pearsall) jumped to Engineering
[23:06:36]ADMIN: EgorkillerUA/(Riley Pearsall) healed / revived EgorkillerUA/(Riley Pearsall)
[23:07:27]ADMIN: EgorkillerUA/(Riley Pearsall) jumped to Engineering Secure Storage
[23:07:42]ADMIN: EgorkillerUA/(Riley Pearsall) jumped to Engineering Secure Storage
[23:07:51]ADMIN: EgorkillerUA/(Riley Pearsall) jumped to Engineering Secure Storage
[23:08:21]ADMIN: EgorkillerUA/(Riley Pearsall) jumped to the Engineering Foyer
[23:08:29]ADMIN: EgorkillerUA/(Riley Pearsall) healed / revived EgorkillerUA/(Riley Pearsall)
[23:08:55]ADMIN: EgorkillerUA/(Riley Pearsall) teleported @EgorkillerUA/(Riley Pearsall)
[23:09:21]ADMIN: EgorkillerUA/(Riley Pearsall) healed / revived EgorkillerUA/(Riley Pearsall)
[23:09:53]ADMIN: EgorkillerUA/(Riley Pearsall) healed / revived EgorkillerUA/(Riley Pearsall)
[23:10:22]ADMIN: EgorkillerUA/(Riley Pearsall) healed / revived EgorkillerUA/(Riley Pearsall)
[23:10:50]ADMIN: EgorkillerUA/(Riley Pearsall) healed / revived EgorkillerUA/(Riley Pearsall)
[23:11:22]ADMIN: EgorkillerUA/(Riley Pearsall) healed / revived EgorkillerUA/(Riley Pearsall)
[23:11:36]ADMIN: EgorkillerUA/(Riley Pearsall) teleported @EgorkillerUA/(Riley Pearsall)
[23:11:49]ADMIN: EgorkillerUA/(Riley Pearsall) healed / revived @EgorkillerUA/(Riley Pearsall)
[23:20:49]ADMIN: Riley Pearsall/(egorkillerua) closed the open and alarming firelock at <A HREF='?_src_=holder;adminplayerobservecoodjump=1;X=101;Y=70;Z=1'>Engineering Secure Storage - 101,70,1</a>
[23:21:31]ADMIN: EgorkillerUA/(Riley Pearsall) made all SMESs powered
[23:21:31]ADMIN: EgorkillerUA/(Riley Pearsall) used secret quickpower
[23:21:43]ADMIN: EgorkillerUA/(Riley Pearsall) has remade the powernet. makepowernets() called.
[23:23:14]ADMIN: EgorkillerUA/(Riley Pearsall) used secret whiteout
[23:30:08]ADMIN: Found /obj/item/pod_parts/pod_frame/fore_starboard
[23:30:08]ADMIN: Found /obj/item/pod_parts/pod_frame/aft_starboard
[23:30:08]ADMIN: Found /obj/item/pod_parts/pod_frame/aft_port
[23:30:08]ADMIN: Found /obj/item/pod_parts/pod_frame/fore_port
[23:44:56]ADMIN: HELP: Maxwell_Stark/(Lucas Unk): <b><font color=red>HELP: </font><a href='?priv_msg=[0x5000000]'>Maxwell_Stark</a>/(Lucas Unk) (<A HREF='?_src_=holder;adminmoreinfo=[0x300003b]'>?</A>) (<A HREF='?_src_=holder;adminplayeropts=[0x300003b]'>PP</A>) (<A HREF='?_src_=vars;Vars=[0x300003b]'>VV</A>) (<A HREF='?_src_=holder;subtlemessage=[0x300003b]'>SM</A>) (<A HREF='?_src_=holder;adminplayerobservejump=[0x300003b]'>JMP</A>) (<A HREF='?_src_=holder;secretsadmin=check_antagonist'>CA</A>):</b> алло - heard by 0 non-AFK admins who have +BAN.
